#options: 1920x1200 fps=20/1 timebase=1/20 bitdepth=8 cabac=1 ref=1 deblock=1:0:0 analyse=0x1:0 me=dia subme=2 psy=1 psy_rd=1.00:0.00 mixed_ref=0 me_range=16 chroma_me=1 trellis=0 8x8dct=0 cqm=0 deadzone=21,11 fast_pskip=1 chroma_qp_offset=0 threads=18 lookahead_threads=6 sliced_threads=0 nr=0 decimate=1 interlaced=0 bluray_compat=0 constrained_intra=0 bframes=3 b_pyramid=2 b_adapt=1 b_bias=0 direct=1 weightb=1 open_gop=0 weightp=2 keyint=250 keyint_min=20 scenecut=40 intra_refresh=0 rc_lookahead=40 rc=abr mbtree=1 bitrate=1907 ratetol=1.0 qcomp=0.60 qpmin=0 qpmax=69 qpstep=4 ip_ratio=1.40 aq=1:1.00
in:0 out:0 type:I dur:2 cpbdur:2 q:29.43 aq:16.50 tex:928190 mv:91203 misc:247 imb:9000 pmb:0 smb:0 d:- ref:;
in:4 out:1 type:P dur:2 cpbdur:2 q:29.43 aq:25.44 tex:240144 mv:4112 misc:3520 imb:483 pmb:2121 smb:6396 d:- ref:0 ;
in:2 out:2 type:B dur:2 cpbdur:2 q:29.43 aq:29.53 tex:10207 mv:765 misc:1980 imb:25 pmb:317 smb:8658 d:- ref:0 ;
in:1 out:3 type:b dur:2 cpbdur:2 q:29.43 aq:28.97 tex:1337 mv:268 misc:1019 imb:3 pmb:110 smb:8887 d:- ref:0 ;
in:3 out:4 type:b dur:2 cpbdur:2 q:29.43 aq:14.54 tex:64 mv:74 misc:494 imb:2 pmb:10 smb:8988 d:- ref:0 ;
in:7 out:5 type:P dur:2 cpbdur:2 q:29.43 aq:16.91 tex:212565 mv:5230 misc:1061 imb:848 pmb:218 smb:7934 d:- ref:0 ;
in:6 out:6 type:B dur:2 cpbdur:2 q:29.43 aq:14.00 tex:56 mv:235 misc:781 imb:7 pmb:137 smb:8856 d:- ref:0 ;
in:5 out:7 type:b dur:2 cpbdur:2 q:29.43 aq:20.29 tex:254 mv:79 misc:475 imb:4 pmb:3 smb:8993 d:- ref:0 ;
in:8 out:8 type:P dur:2 cpbdur:2 q:29.43 aq:6.35 tex:12138 mv:2892 misc:586 imb:8665 pmb:30 smb:305 d:- ref:0 ;
in:12 out:9 type:P dur:2 cpbdur:2 q:29.43 aq:11.68 tex:61100 mv:5562 misc:738 imb:8287 pmb:81 smb:632 d:- ref:0 ;
in:10 out:10 type:B dur:2 cpbdur:2 q:29.43 aq:15.03 tex:132 mv:80 misc:500 imb:3 pmb:13 smb:8984 d:- ref:0 ;
in:9 out:11 type:b dur:2 cpbdur:2 q:29.43 aq:14.63 tex:141 mv:58 misc:473 imb:0 pmb:16 smb:8984 d:- ref:0 ;
in:11 out:12 type:b dur:2 cpbdur:2 q:29.43 aq:35.89 tex:194 mv:34 misc:452 imb:0 pmb:5 smb:8995 d:- ref:0 ;
in:16 out:13 type:P dur:2 cpbdur:2 q:29.43 aq:23.31 tex:16548 mv:710 misc:846 imb:53 pmb:88 smb:8859 d:- ref:0 ;
in:14 out:14 type:B dur:2 cpbdur:2 q:29.43 aq:30.04 tex:199 mv:70 misc:515 imb:0 pmb:27 smb:8973 d:- ref:0 ;
in:13 out:15 type:b dur:2 cpbdur:2 q:29.43 aq:33.96 tex:949 mv:181 misc:486 imb:0 pmb:31 smb:8969 d:- ref:0 ;
in:15 out:16 type:b dur:2 cpbdur:2 q:29.43 aq:28.00 tex:0 mv:0 misc:416 imb:0 pmb:0 smb:9000 d:- ref:0 ;
in:20 out:17 type:P dur:2 cpbdur:2 q:29.43 aq:23.07 tex:3388 mv:335 misc:709 imb:23 pmb:41 smb:8936 d:- ref:0 ;
in:18 out:18 type:B dur:2 cpbdur:2 q:29.43 aq:10.53 tex:450 mv:112 misc:478 imb:8 pmb:6 smb:8986 d:- ref:0 ;
in:17 out:19 type:b dur:2 cpbdur:2 q:29.43 aq:32.00 tex:142 mv:42 misc:448 imb:0 pmb:8 smb:8992 d:- ref:0 ;
in:19 out:20 type:b dur:2 cpbdur:2 q:29.43 aq:27.12 tex:248 mv:13 misc:435 imb:0 pmb:3 smb:8997 d:- ref:0 ;
in:24 out:21 type:P dur:2 cpbdur:2 q:37.43 aq:40.93 tex:505 mv:6 misc:457 imb:0 pmb:3 smb:8997 d:- ref:0 ;
in:22 out:22 type:B dur:2 cpbdur:2 q:33.43 aq:36.90 tex:154 mv:12 misc:450 imb:0 pmb:3 smb:8997 d:- ref:0 ;
in:21 out:23 type:b dur:2 cpbdur:2 q:31.43 aq:35.92 tex:174 mv:9 misc:425 imb:0 pmb:2 smb:8998 d:- ref:0 ;
in:23 out:24 type:b dur:2 cpbdur:2 q:35.43 aq:40.94 tex:110 mv:12 misc:446 imb:0 pmb:3 smb:8997 d:- ref:0 ;
in:28 out:25 type:P dur:2 cpbdur:2 q:36.37 aq:40.97 tex:437 mv:79 misc:484 imb:1 pmb:20 smb:8979 d:- ref:0 ;
in:26 out:26 type:B dur:2 cpbdur:2 q:36.90 aq:40.89 tex:154 mv:12 misc:450 imb:0 pmb:3 smb:8997 d:- ref:0 ;
in:25 out:27 type:b dur:2 cpbdur:2 q:37.17 aq:42.90 tex:63 mv:3 misc:438 imb:0 pmb:1 smb:8999 d:- ref:0 ;
in:27 out:28 type:b dur:2 cpbdur:2 q:36.64 aq:39.96 tex:112 mv:14 misc:442 imb:0 pmb:3 smb:8997 d:- ref:0 ;
in:32 out:29 type:P dur:2 cpbdur:2 q:33.07 aq:27.64 tex:540 mv:98 misc:498 imb:11 pmb:0 smb:8989 d:- ref:0 ;
in:30 out:30 type:B dur:2 cpbdur:2 q:34.72 aq:39.88 tex:198 mv:26 misc:456 imb:0 pmb:4 smb:8996 d:- ref:0 ;
in:29 out:31 type:b dur:2 cpbdur:2 q:35.54 aq:40.97 tex:130 mv:11 misc:443 imb:0 pmb:3 smb:8997 d:- ref:0 ;
in:31 out:32 type:b dur:2 cpbdur:2 q:33.89 aq:37.92 tex:105 mv:34 misc:429 imb:0 pmb:2 smb:8998 d:- ref:0 ;
in:36 out:33 type:P dur:2 cpbdur:2 q:30.09 aq:23.04 tex:635 mv:173 misc:592 imb:16 pmb:14 smb:8970 d:- ref:0 ;
in:34 out:34 type:B dur:2 cpbdur:2 q:31.58 aq:32.65 tex:169 mv:35 misc:460 imb:2 pmb:2 smb:8996 d:- ref:0 ;
in:33 out:35 type:b dur:2 cpbdur:2 q:32.32 aq:34.89 tex:34 mv:14 misc:432 imb:0 pmb:2 smb:8998 d:- ref:0 ;
in:35 out:36 type:b dur:2 cpbdur:2 q:30.83 aq:32.89 tex:41 mv:38 misc:433 imb:0 pmb:3 smb:8997 d:- ref:0 ;
in:40 out:37 type:P dur:2 cpbdur:2 q:27.42 aq:18.98 tex:19020 mv:371 misc:1081 imb:16 pmb:243 smb:8741 d:- ref:0 ;
in:38 out:38 type:B dur:2 cpbdur:2 q:28.76 aq:12.54 tex:482 mv:71 misc:463 imb:2 pmb:3 smb:8995 d:- ref:0 ;
in:37 out:39 type:b dur:2 cpbdur:2 q:29.42 aq:14.19 tex:163 mv:63 misc:438 imb:1 pmb:2 smb:8997 d:- ref:0 ;
in:39 out:40 type:b dur:2 cpbdur:2 q:28.09 aq:33.97 tex:415 mv:14 misc:435 imb:0 pmb:4 smb:8996 d:- ref:0 ;
in:44 out:41 type:P dur:2 cpbdur:2 q:25.12 aq:8.32 tex:195294 mv:3347 misc:1079 imb:7492 pmb:476 smb:1032 d:- ref:0 ;
in:42 out:42 type:B dur:2 cpbdur:2 q:26.27 aq:24.57 tex:602 mv:280 misc:678 imb:10 pmb:228 smb:8762 d:- ref:0 ;
in:41 out:43 type:b dur:2 cpbdur:2 q:26.85 aq:32.89 tex:251 mv:41 misc:436 imb:0 pmb:3 smb:8997 d:- ref:0 ;
in:43 out:44 type:b dur:2 cpbdur:2 q:25.70 aq:25.46 tex:424 mv:187 misc:661 imb:2 pmb:244 smb:8754 d:- ref:0 ;
in:48 out:45 type:P dur:2 cpbdur:2 q:23.10 aq:6.44 tex:61422 mv:3227 misc:1183 imb:7432 pmb:485 smb:1083 d:- ref:0 ;
in:46 out:46 type:B dur:2 cpbdur:2 q:24.11 aq:27.90 tex:839 mv:80 misc:529 imb:0 pmb:126 smb:8874 d:- ref:0 ;
in:45 out:47 type:b dur:2 cpbdur:2 q:24.62 aq:29.96 tex:478 mv:98 misc:536 imb:0 pmb:139 smb:8861 d:- ref:0 ;
in:47 out:48 type:b dur:2 cpbdur:2 q:23.61 aq:28.90 tex:505 mv:16 misc:431 imb:0 pmb:3 smb:8997 d:- ref:0 ;
in:52 out:49 type:P dur:2 cpbdur:2 q:21.27 aq:16.94 tex:59369 mv:664 misc:1183 imb:44 pmb:494 smb:8462 d:- ref:0 ;
in:50 out:50 type:B dur:2 cpbdur:2 q:22.18 aq:21.27 tex:773 mv:44 misc:487 imb:1 pmb:8 smb:8991 d:- ref:0 ;
in:49 out:51 type:b dur:2 cpbdur:2 q:22.64 aq:27.97 tex:630 mv:47 misc:443 imb:0 pmb:5 smb:8995 d:- ref:0 ;
in:51 out:52 type:b dur:2 cpbdur:2 q:21.73 aq:26.94 tex:386 mv:21 misc:449 imb:1 pmb:3 smb:8996 d:- ref:0 ;
in:56 out:53 type:P dur:2 cpbdur:2 q:19.57 aq:15.18 tex:61897 mv:582 misc:1209 imb:40 pmb:493 smb:8467 d:- ref:0 ;
in:54 out:54 type:B dur:2 cpbdur:2 q:20.42 aq:17.34 tex:777 mv:109 misc:594 imb:1 pmb:40 smb:8959 d:- ref:0 ;
in:53 out:55 type:b dur:2 cpbdur:2 q:20.85 aq:25.90 tex:434 mv:3 misc:427 imb:0 pmb:1 smb:8999 d:- ref:0 ;
in:55 out:56 type:b dur:2 cpbdur:2 q:20.00 aq:23.94 tex:665 mv:51 misc:452 imb:1 pmb:4 smb:8995 d:- ref:0 ;
in:60 out:57 type:P dur:2 cpbdur:2 q:18.11 aq:14.13 tex:66821 mv:1085 misc:1294 imb:202 pmb:416 smb:8382 d:- ref:0 ;
in:58 out:58 type:B dur:2 cpbdur:2 q:18.84 aq:16.09 tex:751 mv:179 misc:606 imb:3 pmb:106 smb:8891 d:- ref:0 ;
in:57 out:59 type:b dur:2 cpbdur:2 q:19.21 aq:18.38 tex:286 mv:74 misc:496 imb:2 pmb:9 smb:8989 d:- ref:0 ;
in:59 out:60 type:b dur:2 cpbdur:2 q:18.47 aq:17.42 tex:700 mv:131 misc:521 imb:1 pmb:36 smb:8963 d:- ref:0 ;
in:64 out:61 type:P dur:2 cpbdur:2 q:17.71 aq:11.67 tex:20185 mv:348 misc:1147 imb:24 pmb:223 smb:8753 d:- ref:0 ;
in:62 out:62 type:B dur:2 cpbdur:2 q:17.91 aq:19.94 tex:1639 mv:31 misc:474 imb:0 pmb:6 smb:8994 d:- ref:0 ;
in:61 out:63 type:b dur:2 cpbdur:2 q:18.01 aq:17.16 tex:1257 mv:62 misc:489 imb:1 pmb:16 smb:8983 d:- ref:0 ;
in:63 out:64 type:b dur:2 cpbdur:2 q:17.81 aq:17.22 tex:1612 mv:62 misc:486 imb:0 pmb:17 smb:8983 d:- ref:0 ;
in:65 out:65 type:P dur:2 cpbdur:2 q:16.60 aq:8.19 tex:47676 mv:326 misc:1206 imb:15 pmb:436 smb:8549 d:- ref:0 ;
in:66 out:66 type:P dur:2 cpbdur:2 q:16.25 aq:3.38 tex:28122 mv:3387 misc:1179 imb:7442 pmb:253 smb:1305 d:- ref:0 ;
in:67 out:67 type:P dur:2 cpbdur:2 q:16.17 aq:2.28 tex:15843 mv:3469 misc:992 imb:7440 pmb:123 smb:1437 d:- ref:0 ;
in:68 out:68 type:P dur:2 cpbdur:2 q:15.83 aq:8.19 tex:75025 mv:2384 misc:1383 imb:1316 pmb:279 smb:7405 d:- ref:0 ;
in:69 out:69 type:P dur:2 cpbdur:2 q:15.49 aq:2.97 tex:171886 mv:8895 misc:1091 imb:7442 pmb:238 smb:1320 d:- ref:0 ;
in:70 out:70 type:P dur:2 cpbdur:2 q:15.15 aq:2.75 tex:179951 mv:7466 misc:1023 imb:6934 pmb:695 smb:1371 d:- ref:0 ;
in:71 out:71 type:P dur:2 cpbdur:2 q:15.07 aq:2.85 tex:204968 mv:8289 misc:1399 imb:6445 pmb:480 smb:2075 d:- ref:0 ;
in:72 out:72 type:P dur:2 cpbdur:2 q:14.79 aq:8.84 tex:286331 mv:8379 misc:1002 imb:2187 pmb:1431 smb:5382 d:- ref:0 w:0,1,1,6,74,-19,65,-4 ;
in:76 out:73 type:P dur:2 cpbdur:2 q:14.64 aq:3.87 tex:270007 mv:8608 misc:1577 imb:6188 pmb:794 smb:2018 d:- ref:0 ;
in:74 out:74 type:B dur:2 cpbdur:2 q:14.71 aq:4.97 tex:97592 mv:4510 misc:650 imb:275 pmb:6039 smb:2686 d:- ref:0 ;
in:73 out:75 type:b dur:2 cpbdur:2 q:14.75 aq:4.85 tex:60437 mv:2315 misc:896 imb:167 pmb:5890 smb:2943 d:- ref:0 ;
in:75 out:76 type:b dur:2 cpbdur:2 q:14.67 aq:6.04 tex:64874 mv:2429 misc:745 imb:67 pmb:6002 smb:2931 d:- ref:0 ;
in:77 out:77 type:P dur:2 cpbdur:2 q:14.14 aq:2.58 tex:121684 mv:4041 misc:1883 imb:5405 pmb:1017 smb:2578 d:- ref:0 ;
in:78 out:78 type:P dur:2 cpbdur:2 q:14.00 aq:2.27 tex:135610 mv:5721 misc:1661 imb:5996 pmb:662 smb:2342 d:- ref:0 ;
in:82 out:79 type:P dur:2 cpbdur:2 q:13.88 aq:5.87 tex:51295 mv:773 misc:1796 imb:89 pmb:319 smb:8592 d:- ref:0 ;
in:80 out:80 type:B dur:2 cpbdur:2 q:13.94 aq:14.51 tex:871 mv:174 misc:603 imb:1 pmb:68 smb:8931 d:- ref:0 ;
in:79 out:81 type:b dur:2 cpbdur:2 q:13.97 aq:12.00 tex:46 mv:127 misc:515 imb:3 pmb:31 smb:8966 d:- ref:0 ;
in:81 out:82 type:b dur:2 cpbdur:2 q:13.91 aq:14.77 tex:1033 mv:128 misc:511 imb:1 pmb:27 smb:8972 d:- ref:0 ;
in:86 out:83 type:P dur:2 cpbdur:2 q:13.41 aq:10.02 tex:28294 mv:568 misc:1626 imb:59 pmb:268 smb:8673 d:- ref:0 ;
in:84 out:84 type:B dur:2 cpbdur:2 q:13.64 aq:16.79 tex:4870 mv:475 misc:607 imb:46 pmb:23 smb:8931 d:- ref:0 ;
in:83 out:85 type:b dur:2 cpbdur:2 q:13.76 aq:12.73 tex:277 mv:161 misc:578 imb:3 pmb:51 smb:8946 d:- ref:0 ;
in:85 out:86 type:b dur:2 cpbdur:2 q:13.53 aq:14.26 tex:384 mv:301 misc:563 imb:26 pmb:24 smb:8950 d:- ref:0 ;
in:90 out:87 type:P dur:2 cpbdur:2 q:13.18 aq:8.51 tex:65126 mv:1889 misc:1577 imb:259 pmb:277 smb:8464 d:- ref:0 ;
in:88 out:88 type:B dur:2 cpbdur:2 q:13.29 aq:15.44 tex:22636 mv:740 misc:760 imb:47 pmb:134 smb:8819 d:- ref:0 ;
in:87 out:89 type:b dur:2 cpbdur:2 q:13.35 aq:12.41 tex:1211 mv:121 misc:628 imb:0 pmb:73 smb:8927 d:- ref:0 ;
in:89 out:90 type:b dur:2 cpbdur:2 q:13.24 aq:11.38 tex:24626 mv:1834 misc:844 imb:164 pmb:128 smb:8708 d:- ref:0 ;
in:91 out:91 type:P dur:2 cpbdur:2 q:13.73 aq:6.29 tex:27536 mv:1402 misc:1254 imb:319 pmb:106 smb:8575 d:- ref:0 ;
in:95 out:92 type:P dur:2 cpbdur:2 q:13.76 aq:5.50 tex:118987 mv:2385 misc:1212 imb:687 pmb:83 smb:8230 d:- ref:0 ;
in:93 out:93 type:B dur:2 cpbdur:2 q:13.74 aq:10.48 tex:39545 mv:1228 misc:979 imb:67 pmb:202 smb:8731 d:- ref:0 ;
in:92 out:94 type:b dur:2 cpbdur:2 q:13.74 aq:13.05 tex:186 mv:299 misc:867 imb:6 pmb:194 smb:8800 d:- ref:0 ;
in:94 out:95 type:b dur:2 cpbdur:2 q:13.75 aq:15.65 tex:55361 mv:1239 misc:752 imb:74 pmb:116 smb:8810 d:- ref:0 ;
in:99 out:96 type:P dur:2 cpbdur:2 q:13.82 aq:8.49 tex:9742 mv:444 misc:878 imb:59 pmb:64 smb:8877 d:- ref:0 ;
in:97 out:97 type:B dur:2 cpbdur:2 q:13.79 aq:9.61 tex:3247 mv:144 misc:569 imb:0 pmb:73 smb:8927 d:- ref:0 ;
in:96 out:98 type:b dur:2 cpbdur:2 q:13.77 aq:6.92 tex:2444 mv:111 misc:509 imb:0 pmb:60 smb:8940 d:- ref:0 ;
in:98 out:99 type:b dur:2 cpbdur:2 q:13.81 aq:14.79 tex:754 mv:52 misc:482 imb:0 pmb:13 smb:8987 d:- ref:0 ;
in:103 out:100 type:P dur:2 cpbdur:2 q:12.93 aq:11.81 tex:55053 mv:780 misc:1135 imb:56 pmb:185 smb:8759 d:- ref:0 ;
in:101 out:101 type:B dur:2 cpbdur:2 q:13.38 aq:16.35 tex:9815 mv:703 misc:762 imb:50 pmb:113 smb:8837 d:- ref:0 ;
in:100 out:102 type:b dur:2 cpbdur:2 q:13.60 aq:14.52 tex:2313 mv:156 misc:579 imb:2 pmb:76 smb:8922 d:- ref:0 ;
in:102 out:103 type:b dur:2 cpbdur:2 q:13.16 aq:16.58 tex:10525 mv:719 misc:724 imb:44 pmb:118 smb:8838 d:- ref:0 ;
in:105 out:104 type:P dur:2 cpbdur:2 q:12.44 aq:12.21 tex:51466 mv:964 misc:1242 imb:168 pmb:227 smb:8605 d:- ref:0 ;
in:104 out:105 type:b dur:2 cpbdur:2 q:12.69 aq:17.38 tex:1471 mv:233 misc:816 imb:0 pmb:182 smb:8818 d:- ref:0 ;
in:106 out:106 type:P dur:2 cpbdur:2 q:12.30 aq:2.03 tex:47099 mv:3751 misc:966 imb:7391 pmb:168 smb:1441 d:- ref:0 ;
in:107 out:107 type:P dur:2 cpbdur:2 q:12.21 aq:2.18 tex:109297 mv:7310 misc:953 imb:7164 pmb:365 smb:1471 d:- ref:0 ;
in:108 out:108 type:P dur:2 cpbdur:2 q:12.13 aq:2.24 tex:172459 mv:8102 misc:855 imb:7106 pmb:401 smb:1493 d:- ref:0 ;
in:109 out:109 type:P dur:2 cpbdur:2 q:12.05 aq:2.25 tex:206085 mv:8665 misc:826 imb:7160 pmb:338 smb:1502 d:- ref:0 ;
in:110 out:110 type:P dur:2 cpbdur:2 q:12.03 aq:2.35 tex:302466 mv:7985 misc:1197 imb:6234 pmb:523 smb:2243 d:- ref:0 ;
in:111 out:111 type:P dur:2 cpbdur:2 q:11.97 aq:2.30 tex:374625 mv:9104 misc:1223 imb:6487 pmb:498 smb:2015 d:- ref:0 ;
in:112 out:112 type:P dur:2 cpbdur:2 q:11.88 aq:5.21 tex:307883 mv:8056 misc:949 imb:2329 pmb:1148 smb:5523 d:- ref:0 w:0,1,1,6,67,-5,63,0 ;
in:114 out:113 type:P dur:2 cpbdur:2 q:11.82 aq:2.75 tex:167056 mv:5825 misc:1599 imb:5869 pmb:976 smb:2155 d:- ref:0 ;
in:113 out:114 type:b dur:2 cpbdur:2 q:11.85 aq:5.83 tex:108131 mv:1599 misc:758 imb:23 pmb:6266 smb:2711 d:- ref:0 ;
in:115 out:115 type:P dur:2 cpbdur:2 q:11.65 aq:2.57 tex:127523 mv:5796 misc:1409 imb:6089 pmb:555 smb:2356 d:- ref:0 ;
in:119 out:116 type:P dur:2 cpbdur:2 q:11.57 aq:8.79 tex:46745 mv:365 misc:1466 imb:17 pmb:356 smb:8627 d:- ref:0 ;
in:117 out:117 type:B dur:2 cpbdur:2 q:11.61 aq:16.59 tex:2019 mv:201 misc:980 imb:0 pmb:135 smb:8865 d:- ref:0 ;
in:116 out:118 type:b dur:2 cpbdur:2 q:11.63 aq:13.41 tex:513 mv:179 misc:876 imb:1 pmb:127 smb:8872 d:- ref:0 ;
in:118 out:119 type:b dur:2 cpbdur:2 q:11.59 aq:11.99 tex:164 mv:122 misc:618 imb:0 pmb:40 smb:8960 d:- ref:0 ;
in:123 out:120 type:P dur:2 cpbdur:2 q:11.27 aq:9.77 tex:24163 mv:463 misc:1214 imb:24 pmb:159 smb:8817 d:- ref:0 ;
in:121 out:121 type:B dur:2 cpbdur:2 q:11.42 aq:9.89 tex:5588 mv:273 misc:739 imb:12 pmb:55 smb:8933 d:- ref:0 ;
in:120 out:122 type:b dur:2 cpbdur:2 q:11.49 aq:12.47 tex:2470 mv:192 misc:546 imb:7 pmb:32 smb:8961 d:- ref:0 ;
in:122 out:123 type:b dur:2 cpbdur:2 q:11.34 aq:12.48 tex:1417 mv:171 misc:532 imb:5 pmb:32 smb:8963 d:- ref:0 ;
in:126 out:124 type:P dur:2 cpbdur:2 q:11.00 aq:7.14 tex:169265 mv:3041 misc:958 imb:697 pmb:145 smb:8158 d:- ref:0 ;
in:125 out:125 type:B dur:2 cpbdur:2 q:11.09 aq:12.41 tex:101350 mv:2026 misc:648 imb:123 pmb:180 smb:8697 d:- ref:0 ;
in:124 out:126 type:b dur:2 cpbdur:2 q:11.18 aq:8.66 tex:917 mv:216 misc:691 imb:4 pmb:81 smb:8915 d:- ref:0 ;
in:127 out:127 type:I dur:2 cpbdur:2 q:9.76 aq:1.38 tex:3407685 mv:100905 misc:274 imb:9000 pmb:0 smb:0 d:- ref:;
in:131 out:128 type:P dur:2 cpbdur:2 q:11.07 aq:4.40 tex:132482 mv:1893 misc:1601 imb:314 pmb:309 smb:8377 d:- ref:0 ;
in:129 out:129 type:B dur:2 cpbdur:2 q:11.07 aq:5.85 tex:131 mv:105 misc:532 imb:0 pmb:30 smb:8970 d:- ref:0 ;
in:128 out:130 type:b dur:2 cpbdur:2 q:11.07 aq:0.52 tex:3054 mv:134 misc:500 imb:2 pmb:25 smb:8973 d:- ref:0 ;
in:130 out:131 type:b dur:2 cpbdur:2 q:11.07 aq:0.00 tex:32 mv:47 misc:473 imb:0 pmb:8 smb:8992 d:- ref:0 ;
in:135 out:132 type:P dur:2 cpbdur:2 q:11.44 aq:6.09 tex:16035 mv:185 misc:1020 imb:6 pmb:119 smb:8875 d:- ref:0 ;
in:133 out:133 type:B dur:2 cpbdur:2 q:11.25 aq:0.00 tex:31 mv:46 misc:491 imb:0 pmb:8 smb:8992 d:- ref:0 ;
in:132 out:134 type:b dur:2 cpbdur:2 q:11.16 aq:0.00 tex:32 mv:47 misc:473 imb:0 pmb:8 smb:8992 d:- ref:0 ;
in:134 out:135 type:b dur:2 cpbdur:2 q:11.35 aq:4.01 tex:1135 mv:56 misc:457 imb:1 pmb:3 smb:8996 d:- ref:0 ;
in:139 out:136 type:P dur:2 cpbdur:2 q:11.01 aq:3.94 tex:5044 mv:108 misc:1080 imb:0 pmb:114 smb:8886 d:- ref:0 ;
in:137 out:137 type:B dur:2 cpbdur:2 q:11.22 aq:0.00 tex:0 mv:0 misc:456 imb:0 pmb:0 smb:9000 d:- ref:0 ;
in:136 out:138 type:b dur:2 cpbdur:2 q:11.33 aq:4.01 tex:1121 mv:58 misc:453 imb:1 pmb:3 smb:8996 d:- ref:0 ;
in:138 out:139 type:b dur:2 cpbdur:2 q:11.12 aq:4.57 tex:1033 mv:71 misc:456 imb:1 pmb:3 smb:8996 d:- ref:0 ;
in:143 out:140 type:P dur:2 cpbdur:2 q:10.71 aq:3.50 tex:20429 mv:329 misc:930 imb:19 pmb:89 smb:8892 d:- ref:0 ;
in:141 out:141 type:B dur:2 cpbdur:2 q:10.86 aq:0.00 tex:43 mv:79 misc:518 imb:0 pmb:21 smb:8979 d:- ref:0 ;
in:140 out:142 type:b dur:2 cpbdur:2 q:10.94 aq:4.55 tex:1061 mv:58 misc:457 imb:1 pmb:3 smb:8996 d:- ref:0 ;
in:142 out:143 type:b dur:2 cpbdur:2 q:10.79 aq:0.68 tex:4132 mv:183 misc:493 imb:8 pmb:22 smb:8970 d:- ref:0 ;
in:147 out:144 type:P dur:2 cpbdur:2 q:10.54 aq:4.71 tex:74587 mv:868 misc:961 imb:120 pmb:114 smb:8766 d:- ref:0 ;
in:145 out:145 type:B dur:2 cpbdur:2 q:10.63 aq:6.21 tex:1223 mv:169 misc:608 imb:2 pmb:95 smb:8903 d:- ref:0 ;
in:144 out:146 type:b dur:2 cpbdur:2 q:10.67 aq:1.16 tex:713 mv:40 misc:455 imb:1 pmb:5 smb:8994 d:- ref:0 ;
in:146 out:147 type:b dur:2 cpbdur:2 q:10.59 aq:7.87 tex:27460 mv:388 misc:640 imb:44 pmb:80 smb:8876 d:- ref:0 ;
in:148 out:148 type:P dur:2 cpbdur:2 q:14.54 aq:2.90 tex:761772 mv:6247 misc:893 imb:703 pmb:308 smb:7989 d:- ref:0 ;
in:152 out:149 type:P dur:2 cpbdur:2 q:15.45 aq:10.01 tex:62480 mv:599 misc:633 imb:74 pmb:111 smb:8815 d:- ref:0 ;
in:150 out:150 type:B dur:2 cpbdur:2 q:15.00 aq:12.94 tex:46343 mv:788 misc:661 imb:37 pmb:146 smb:8817 d:- ref:0 ;
in:149 out:151 type:b dur:2 cpbdur:2 q:14.77 aq:1.49 tex:433 mv:109 misc:546 imb:0 pmb:44 smb:8956 d:- ref:0 ;
in:151 out:152 type:b dur:2 cpbdur:2 q:15.23 aq:8.43 tex:8381 mv:665 misc:666 imb:41 pmb:152 smb:8807 d:- ref:0 ;
in:154 out:153 type:P dur:2 cpbdur:2 q:14.84 aq:7.60 tex:482647 mv:5048 misc:881 imb:520 pmb:341 smb:8139 d:- ref:0 ;
in:153 out:154 type:b dur:2 cpbdur:2 q:15.14 aq:14.28 tex:4226 mv:328 misc:886 imb:14 pmb:188 smb:8798 d:- ref:0 ;
in:155 out:155 type:P dur:2 cpbdur:2 q:14.52 aq:6.33 tex:917905 mv:6524 misc:1099 imb:787 pmb:415 smb:7798 d:- ref:0 ;
in:156 out:156 type:P dur:2 cpbdur:2 q:14.37 aq:5.54 tex:974714 mv:7527 misc:1007 imb:809 pmb:428 smb:7763 d:- ref:0 ;
in:160 out:157 type:P dur:2 cpbdur:2 q:14.21 aq:6.59 tex:71112 mv:843 misc:1221 imb:87 pmb:275 smb:8638 d:- ref:0 ;
in:158 out:158 type:B dur:2 cpbdur:2 q:14.29 aq:7.87 tex:12429 mv:440 misc:659 imb:34 pmb:121 smb:8845 d:- ref:0 ;
in:157 out:159 type:b dur:2 cpbdur:2 q:14.33 aq:11.04 tex:4540 mv:398 misc:646 imb:32 pmb:77 smb:8891 d:- ref:0 ;
in:159 out:160 type:b dur:2 cpbdur:2 q:14.25 aq:10.74 tex:5305 mv:316 misc:659 imb:19 pmb:80 smb:8901 d:- ref:0 ;
in:164 out:161 type:P dur:2 cpbdur:2 q:13.61 aq:6.34 tex:42834 mv:554 misc:892 imb:79 pmb:171 smb:8750 d:- ref:0 ;
in:162 out:162 type:B dur:2 cpbdur:2 q:13.91 aq:6.52 tex:5772 mv:632 misc:572 imb:51 pmb:124 smb:8825 d:- ref:0 ;
in:161 out:163 type:b dur:2 cpbdur:2 q:14.06 aq:9.78 tex:4906 mv:337 misc:629 imb:32 pmb:61 smb:8907 d:- ref:0 ;
in:163 out:164 type:b dur:2 cpbdur:2 q:13.76 aq:6.77 tex:501 mv:132 misc:607 imb:0 pmb:67 smb:8933 d:- ref:0 ;
in:168 out:165 type:P dur:2 cpbdur:2 q:13.13 aq:6.85 tex:1575 mv:118 misc:659 imb:4 pmb:28 smb:8968 d:- ref:0 ;
in:166 out:166 type:B dur:2 cpbdur:2 q:13.37 aq:6.11 tex:657 mv:20 misc:483 imb:1 pmb:6 smb:8993 d:- ref:0 ;
in:165 out:167 type:b dur:2 cpbdur:2 q:13.49 aq:6.93 tex:437 mv:6 misc:469 imb:0 pmb:7 smb:8993 d:- ref:0 ;
in:167 out:168 type:b dur:2 cpbdur:2 q:13.25 aq:6.88 tex:508 mv:27 misc:465 imb:2 pmb:4 smb:8994 d:- ref:0 ;
in:172 out:169 type:P dur:2 cpbdur:2 q:13.96 aq:4.83 tex:88156 mv:1452 misc:624 imb:232 pmb:23 smb:8745 d:- ref:0 ;
in:170 out:170 type:B dur:2 cpbdur:2 q:13.54 aq:6.07 tex:205 mv:133 misc:630 imb:0 pmb:54 smb:8946 d:- ref:0 ;
in:169 out:171 type:b dur:2 cpbdur:2 q:13.33 aq:7.06 tex:63 mv:52 misc:485 imb:0 pmb:10 smb:8990 d:- ref:0 ;
in:171 out:172 type:b dur:2 cpbdur:2 q:13.75 aq:5.79 tex:54011 mv:1635 misc:570 imb:93 pmb:161 smb:8746 d:- ref:0 ;
in:175 out:173 type:P dur:2 cpbdur:2 q:15.50 aq:17.46 tex:119416 mv:2911 misc:865 imb:497 pmb:270 smb:8233 d:- ref:0 ;
in:174 out:174 type:B dur:2 cpbdur:2 q:14.99 aq:17.83 tex:26080 mv:1369 misc:1119 imb:78 pmb:260 smb:8662 d:- ref:0 ;
in:173 out:175 type:b dur:2 cpbdur:2 q:14.47 aq:16.68 tex:7359 mv:373 misc:988 imb:6 pmb:203 smb:8791 d:- ref:0 ;
in:176 out:176 type:P dur:2 cpbdur:2 q:16.52 aq:2.74 tex:585602 mv:14724 misc:578 imb:8632 pmb:31 smb:337 d:- ref:0 ;
in:180 out:177 type:P dur:2 cpbdur:2 q:16.39 aq:13.06 tex:36301 mv:1476 misc:839 imb:378 pmb:163 smb:8459 d:- ref:0 ;
in:178 out:178 type:B dur:2 cpbdur:2 q:16.45 aq:17.55 tex:3362 mv:286 misc:704 imb:10 pmb:69 smb:8921 d:- ref:0 ;
in:177 out:179 type:b dur:2 cpbdur:2 q:16.49 aq:8.26 tex:619 mv:174 misc:671 imb:4 pmb:53 smb:8943 d:- ref:0 ;
in:179 out:180 type:b dur:2 cpbdur:2 q:16.42 aq:2.65 tex:505 mv:145 misc:574 imb:2 pmb:45 smb:8953 d:- ref:0 ;
in:181 out:181 type:P dur:2 cpbdur:2 q:15.93 aq:9.73 tex:5298 mv:215 misc:583 imb:17 pmb:21 smb:8962 d:- ref:0 ;
in:182 out:182 type:I dur:2 cpbdur:2 q:11.37 aq:4.05 tex:1880579 mv:119401 misc:364 imb:9000 pmb:0 smb:0 d:- ref:;
in:183 out:183 type:P dur:2 cpbdur:2 q:15.67 aq:4.79 tex:2044024 mv:26722 misc:1142 imb:6133 pmb:628 smb:2239 d:- ref:0 ;
in:184 out:184 type:P dur:2 cpbdur:2 q:15.53 aq:6.10 tex:1219629 mv:12947 misc:1768 imb:2445 pmb:1073 smb:5482 d:- ref:0 ;
in:185 out:185 type:P dur:2 cpbdur:2 q:15.40 aq:6.20 tex:557044 mv:5096 misc:1636 imb:1336 pmb:965 smb:6699 d:- ref:0 ;
in:189 out:186 type:P dur:2 cpbdur:2 q:15.27 aq:9.95 tex:19729 mv:280 misc:1815 imb:14 pmb:337 smb:8649 d:- ref:0 ;
in:187 out:187 type:B dur:2 cpbdur:2 q:15.33 aq:12.56 tex:252 mv:162 misc:546 imb:13 pmb:10 smb:8977 d:- ref:0 ;
in:186 out:188 type:b dur:2 cpbdur:2 q:15.37 aq:7.18 tex:870 mv:60 misc:462 imb:1 pmb:4 smb:8995 d:- ref:0 ;
in:188 out:189 type:b dur:2 cpbdur:2 q:15.30 aq:7.18 tex:884 mv:83 misc:489 imb:1 pmb:8 smb:8991 d:- ref:0 ;
in:193 out:190 type:P dur:2 cpbdur:2 q:14.92 aq:9.07 tex:10068 mv:298 misc:978 imb:18 pmb:77 smb:8905 d:- ref:0 ;
in:191 out:191 type:B dur:2 cpbdur:2 q:15.09 aq:11.96 tex:284 mv:183 misc:581 imb:13 pmb:18 smb:8969 d:- ref:0 ;
in:190 out:192 type:b dur:2 cpbdur:2 q:15.18 aq:10.34 tex:89 mv:54 misc:505 imb:0 pmb:12 smb:8988 d:- ref:0 ;
in:192 out:193 type:b dur:2 cpbdur:2 q:15.01 aq:11.15 tex:1299 mv:36 misc:489 imb:3 pmb:5 smb:8992 d:- ref:0 ;
in:197 out:194 type:P dur:2 cpbdur:2 q:15.47 aq:10.72 tex:657 mv:198 misc:649 imb:14 pmb:23 smb:8963 d:- ref:0 ;
in:195 out:195 type:B dur:2 cpbdur:2 q:15.20 aq:12.69 tex:230 mv:135 misc:555 imb:13 pmb:9 smb:8978 d:- ref:0 ;
in:194 out:196 type:b dur:2 cpbdur:2 q:15.06 aq:11.15 tex:1291 mv:36 misc:481 imb:3 pmb:4 smb:8993 d:- ref:0 ;
in:196 out:197 type:b dur:2 cpbdur:2 q:15.33 aq:10.52 tex:1210 mv:34 misc:484 imb:3 pmb:4 smb:8993 d:- ref:0 ;
in:200 out:198 type:P dur:2 cpbdur:2 q:15.01 aq:15.43 tex:113822 mv:1747 misc:823 imb:312 pmb:213 smb:8475 d:- ref:0 ;
in:199 out:199 type:B dur:2 cpbdur:2 q:15.17 aq:15.05 tex:3697 mv:283 misc:660 imb:11 pmb:76 smb:8913 d:- ref:0 ;
in:198 out:200 type:b dur:2 cpbdur:2 q:15.32 aq:1.70 tex:281 mv:161 misc:750 imb:1 pmb:107 smb:8892 d:- ref:0 ;
in:201 out:201 type:P dur:2 cpbdur:2 q:19.13 aq:8.84 tex:738399 mv:17537 misc:696 imb:4832 pmb:1296 smb:2872 d:- ref:0 ;
in:202 out:202 type:P dur:2 cpbdur:2 q:20.24 aq:11.19 tex:924441 mv:29505 misc:1022 imb:7633 pmb:318 smb:1049 d:- ref:0 ;
in:203 out:203 type:P dur:2 cpbdur:2 q:20.65 aq:10.58 tex:626549 mv:26862 misc:717 imb:8441 pmb:292 smb:267 d:- ref:0 ;
in:204 out:204 type:P dur:2 cpbdur:2 q:20.57 aq:5.18 tex:300302 mv:16684 misc:518 imb:8137 pmb:861 smb:2 d:- ref:0 w:6,67,2,4,17,-8,16,0 ;
in:206 out:205 type:P dur:2 cpbdur:2 q:20.46 aq:22.09 tex:13187 mv:1470 misc:983 imb:437 pmb:122 smb:8441 d:- ref:0 ;
in:205 out:206 type:b dur:2 cpbdur:2 q:20.51 aq:24.32 tex:1617 mv:196 misc:531 imb:10 pmb:21 smb:8969 d:- ref:0 ;
in:207 out:207 type:I dur:2 cpbdur:2 q:13.38 aq:4.43 tex:2477292 mv:114387 misc:369 imb:9000 pmb:0 smb:0 d:- ref:;
in:208 out:208 type:P dur:2 cpbdur:2 q:20.16 aq:6.52 tex:1039194 mv:15896 misc:678 imb:3267 pmb:1043 smb:4690 d:- ref:0 ;
in:209 out:209 type:P dur:2 cpbdur:2 q:20.05 aq:6.87 tex:546553 mv:7909 misc:1122 imb:1942 pmb:1062 smb:5996 d:- ref:0 ;
in:213 out:210 type:P dur:2 cpbdur:2 q:19.95 aq:11.93 tex:6902 mv:125 misc:1157 imb:2 pmb:144 smb:8854 d:- ref:0 ;
in:211 out:211 type:B dur:2 cpbdur:2 q:20.00 aq:17.47 tex:3852 mv:96 misc:580 imb:2 pmb:21 smb:8977 d:- ref:0 ;
in:210 out:212 type:b dur:2 cpbdur:2 q:20.03 aq:8.32 tex:54 mv:59 misc:487 imb:0 pmb:12 smb:8988 d:- ref:0 ;
in:212 out:213 type:b dur:2 cpbdur:2 q:19.97 aq:5.00 tex:22 mv:49 misc:473 imb:0 pmb:9 smb:8991 d:- ref:0 ;
in:215 out:214 type:P dur:2 cpbdur:2 q:19.53 aq:11.21 tex:2755 mv:87 misc:870 imb:0 pmb:78 smb:8922 d:- ref:0 ;
in:214 out:215 type:b dur:2 cpbdur:2 q:19.74 aq:10.72 tex:634 mv:54 misc:448 imb:2 pmb:2 smb:8996 d:- ref:0 ;
in:216 out:216 type:P dur:2 cpbdur:2 q:19.44 aq:7.92 tex:782064 mv:6937 misc:1199 imb:688 pmb:421 smb:7891 d:- ref:0 ;
in:220 out:217 type:P dur:2 cpbdur:2 q:19.34 aq:10.79 tex:4587 mv:308 misc:1057 imb:24 pmb:97 smb:8879 d:- ref:0 ;
in:218 out:218 type:B dur:2 cpbdur:2 q:19.39 aq:13.86 tex:148 mv:107 misc:681 imb:0 pmb:41 smb:8959 d:- ref:0 ;
in:217 out:219 type:b dur:2 cpbdur:2 q:19.41 aq:7.91 tex:813 mv:165 misc:550 imb:7 pmb:12 smb:8981 d:- ref:0 ;
in:219 out:220 type:b dur:2 cpbdur:2 q:19.36 aq:10.68 tex:677 mv:61 misc:470 imb:2 pmb:4 smb:8994 d:- ref:0 ;
in:224 out:221 type:P dur:2 cpbdur:2 q:21.54 aq:18.49 tex:66280 mv:1760 misc:888 imb:319 pmb:229 smb:8452 d:- ref:0 ;
in:222 out:222 type:B dur:2 cpbdur:2 q:20.44 aq:8.44 tex:62 mv:12 misc:478 imb:0 pmb:3 smb:8997 d:- ref:0 ;
in:221 out:223 type:b dur:2 cpbdur:2 q:19.89 aq:11.83 tex:636 mv:56 misc:460 imb:2 pmb:3 smb:8995 d:- ref:0 ;
in:223 out:224 type:b dur:2 cpbdur:2 q:20.99 aq:13.99 tex:204 mv:120 misc:716 imb:0 pmb:86 smb:8914 d:- ref:0 ;
in:225 out:225 type:P dur:2 cpbdur:2 q:23.34 aq:17.72 tex:1322 mv:165 misc:553 imb:11 pmb:15 smb:8974 d:- ref:0 ;
in:226 out:226 type:P dur:2 cpbdur:2 q:24.20 aq:15.16 tex:753107 mv:26293 misc:832 imb:7245 pmb:162 smb:1593 d:- ref:0 ;
in:227 out:227 type:P dur:2 cpbdur:2 q:24.58 aq:15.47 tex:549971 mv:26396 misc:737 imb:8300 pmb:197 smb:503 d:- ref:0 ;
in:228 out:228 type:P dur:2 cpbdur:2 q:24.50 aq:6.94 tex:295613 mv:16009 misc:642 imb:8360 pmb:309 smb:331 d:- ref:0 ;
in:231 out:229 type:P dur:2 cpbdur:2 q:24.42 aq:25.46 tex:8504 mv:1380 misc:820 imb:426 pmb:87 smb:8487 d:- ref:0 ;
in:230 out:230 type:B dur:2 cpbdur:2 q:24.44 aq:25.87 tex:1368 mv:213 misc:571 imb:11 pmb:29 smb:8960 d:- ref:0 ;
in:229 out:231 type:b dur:2 cpbdur:2 q:24.47 aq:15.41 tex:142 mv:109 misc:661 imb:2 pmb:50 smb:8948 d:- ref:0 ;
in:232 out:232 type:I dur:2 cpbdur:2 q:17.30 aq:5.99 tex:2216070 mv:112649 misc:409 imb:9000 pmb:0 smb:0 d:- ref:;
in:233 out:233 type:P dur:2 cpbdur:2 q:24.07 aq:12.90 tex:969878 mv:16722 misc:704 imb:3196 pmb:1114 smb:4690 d:- ref:0 ;
in:234 out:234 type:P dur:2 cpbdur:2 q:24.62 aq:13.31 tex:486754 mv:7328 misc:1094 imb:1903 pmb:1104 smb:5993 d:- ref:0 ;
in:238 out:235 type:P dur:2 cpbdur:2 q:24.54 aq:17.32 tex:21478 mv:429 misc:1773 imb:22 pmb:307 smb:8671 d:- ref:0 ;
in:236 out:236 type:B dur:2 cpbdur:2 q:24.58 aq:9.30 tex:1016 mv:200 misc:504 imb:9 pmb:19 smb:8972 d:- ref:0 ;
in:235 out:237 type:b dur:2 cpbdur:2 q:24.60 aq:10.00 tex:19 mv:70 misc:495 imb:2 pmb:10 smb:8988 d:- ref:0 ;
in:237 out:238 type:b dur:2 cpbdur:2 q:24.56 aq:10.96 tex:296 mv:88 misc:472 imb:4 pmb:11 smb:8985 d:- ref:0 ;
in:242 out:239 type:P dur:2 cpbdur:2 q:24.25 aq:15.43 tex:45225 mv:778 misc:1261 imb:88 pmb:255 smb:8657 d:- ref:0 ;
in:240 out:240 type:B dur:2 cpbdur:2 q:24.39 aq:20.34 tex:2887 mv:534 misc:539 imb:66 pmb:102 smb:8832 d:- ref:0 ;
in:239 out:241 type:b dur:2 cpbdur:2 q:24.47 aq:9.00 tex:42 mv:118 misc:552 imb:1 pmb:84 smb:8915 d:- ref:0 ;
in:241 out:242 type:b dur:2 cpbdur:2 q:24.32 aq:9.00 tex:40 mv:92 misc:564 imb:0 pmb:89 smb:8911 d:- ref:0 ;
in:246 out:243 type:P dur:2 cpbdur:2 q:23.92 aq:16.05 tex:4223 mv:247 misc:1002 imb:16 pmb:93 smb:8891 d:- ref:0 ;
in:244 out:244 type:B dur:2 cpbdur:2 q:24.08 aq:8.00 tex:0 mv:0 misc:448 imb:0 pmb:0 smb:9000 d:- ref:0 ;
in:243 out:245 type:b dur:2 cpbdur:2 q:24.17 aq:9.00 tex:0 mv:0 misc:432 imb:0 pmb:0 smb:9000 d:- ref:0 ;
in:245 out:246 type:b dur:2 cpbdur:2 q:24.00 aq:9.00 tex:0 mv:0 misc:432 imb:0 pmb:0 smb:9000 d:- ref:0 ;
in:250 out:247 type:P dur:2 cpbdur:2 q:25.33 aq:16.83 tex:15249 mv:584 misc:655 imb:72 pmb:112 smb:8816 d:- ref:0 ;
in:248 out:248 type:B dur:2 cpbdur:2 q:24.62 aq:24.87 tex:1804 mv:892 misc:536 imb:123 pmb:21 smb:8856 d:- ref:0 ;
in:247 out:249 type:b dur:2 cpbdur:2 q:24.27 aq:9.00 tex:12 mv:20 misc:464 imb:0 pmb:3 smb:8997 d:- ref:0 ;
in:249 out:250 type:b dur:2 cpbdur:2 q:24.98 aq:10.00 tex:192 mv:129 misc:495 imb:11 pmb:9 smb:8980 d:- ref:0 ;
in:254 out:251 type:P dur:2 cpbdur:2 q:27.34 aq:19.88 tex:10895 mv:525 misc:564 imb:70 pmb:98 smb:8832 d:- ref:0 ;
in:252 out:252 type:B dur:2 cpbdur:2 q:26.34 aq:10.00 tex:0 mv:0 misc:448 imb:0 pmb:0 smb:9000 d:- ref:0 ;
in:251 out:253 type:b dur:2 cpbdur:2 q:25.83 aq:11.00 tex:0 mv:0 misc:432 imb:0 pmb:0 smb:9000 d:- ref:0 ;
in:253 out:254 type:b dur:2 cpbdur:2 q:26.84 aq:12.00 tex:26 mv:14 misc:448 imb:1 pmb:1 smb:8998 d:- ref:0 ;
in:258 out:255 type:P dur:2 cpbdur:2 q:27.49 aq:16.97 tex:10354 mv:522 misc:580 imb:74 pmb:93 smb:8833 d:- ref:0 ;
in:256 out:256 type:B dur:2 cpbdur:2 q:27.42 aq:11.00 tex:35 mv:34 misc:475 imb:1 pmb:5 smb:8994 d:- ref:0 ;
in:255 out:257 type:b dur:2 cpbdur:2 q:27.38 aq:12.00 tex:34 mv:36 misc:458 imb:1 pmb:5 smb:8994 d:- ref:0 ;
in:257 out:258 type:b dur:2 cpbdur:2 q:27.45 aq:12.00 tex:0 mv:0 misc:432 imb:0 pmb:0 smb:9000 d:- ref:0 ;
in:261 out:259 type:P dur:2 cpbdur:2 q:27.22 aq:13.19 tex:4856 mv:421 misc:619 imb:60 pmb:25 smb:8915 d:- ref:0 ;
in:260 out:260 type:B dur:2 cpbdur:2 q:27.31 aq:22.34 tex:85 mv:111 misc:516 imb:5 pmb:15 smb:8980 d:- ref:0 ;
in:259 out:261 type:b dur:2 cpbdur:2 q:27.40 aq:12.00 tex:32 mv:128 misc:560 imb:2 pmb:47 smb:8951 d:- ref:0 ;
in:262 out:262 type:P dur:2 cpbdur:2 q:27.00 aq:15.13 tex:596842 mv:9782 misc:1752 imb:1477 pmb:480 smb:7043 d:- ref:0 ;
in:263 out:263 type:P dur:2 cpbdur:2 q:26.92 aq:17.54 tex:807087 mv:9065 misc:2064 imb:839 pmb:673 smb:7488 d:- ref:0 ;
in:267 out:264 type:P dur:2 cpbdur:2 q:26.85 aq:18.32 tex:74978 mv:1760 misc:1958 imb:311 pmb:359 smb:8330 d:- ref:0 ;
in:265 out:265 type:B dur:2 cpbdur:2 q:26.88 aq:11.00 tex:63 mv:222 misc:651 imb:5 pmb:110 smb:8885 d:- ref:0 ;
in:264 out:266 type:b dur:2 cpbdur:2 q:26.90 aq:12.00 tex:65 mv:529 misc:566 imb:46 pmb:48 smb:8906 d:- ref:0 ;
in:266 out:267 type:b dur:2 cpbdur:2 q:26.86 aq:12.00 tex:15 mv:77 misc:524 imb:0 pmb:23 smb:8977 d:- ref:0 ;
in:271 out:268 type:P dur:2 cpbdur:2 q:26.56 aq:16.11 tex:18943 mv:293 misc:1548 imb:10 pmb:238 smb:8752 d:- ref:0 ;
in:269 out:269 type:B dur:2 cpbdur:2 q:26.70 aq:11.10 tex:827 mv:89 misc:476 imb:1 pmb:7 smb:8992 d:- ref:0 ;
in:268 out:270 type:b dur:2 cpbdur:2 q:26.77 aq:13.04 tex:261 mv:28 misc:447 imb:0 pmb:4 smb:8996 d:- ref:0 ;
in:270 out:271 type:b dur:2 cpbdur:2 q:26.63 aq:12.99 tex:424 mv:50 misc:462 imb:0 pmb:8 smb:8992 d:- ref:0 ;
in:275 out:272 type:P dur:2 cpbdur:2 q:26.27 aq:17.40 tex:19176 mv:287 misc:1505 imb:9 pmb:248 smb:8743 d:- ref:0 ;
in:273 out:273 type:B dur:2 cpbdur:2 q:26.42 aq:11.04 tex:520 mv:58 misc:478 imb:0 pmb:6 smb:8994 d:- ref:0 ;
in:272 out:274 type:b dur:2 cpbdur:2 q:26.49 aq:12.04 tex:415 mv:47 misc:442 imb:0 pmb:4 smb:8996 d:- ref:0 ;
in:274 out:275 type:b dur:2 cpbdur:2 q:26.34 aq:12.04 tex:251 mv:59 misc:458 imb:0 pmb:6 smb:8994 d:- ref:0 ;
in:279 out:276 type:P dur:2 cpbdur:2 q:25.99 aq:14.95 tex:20566 mv:348 misc:1470 imb:18 pmb:205 smb:8777 d:- ref:0 ;
in:277 out:277 type:B dur:2 cpbdur:2 q:26.13 aq:10.93 tex:435 mv:75 misc:482 imb:0 pmb:8 smb:8992 d:- ref:0 ;
in:276 out:278 type:b dur:2 cpbdur:2 q:26.20 aq:11.98 tex:75 mv:22 misc:447 imb:0 pmb:4 smb:8996 d:- ref:0 ;
in:278 out:279 type:b dur:2 cpbdur:2 q:26.06 aq:11.00 tex:13 mv:37 misc:462 imb:0 pmb:8 smb:8992 d:- ref:0 ;
in:283 out:280 type:P dur:2 cpbdur:2 q:26.32 aq:14.18 tex:21282 mv:1419 misc:1267 imb:396 pmb:93 smb:8511 d:- ref:0 ;
in:281 out:281 type:B dur:2 cpbdur:2 q:26.15 aq:16.77 tex:1328 mv:1275 misc:837 imb:159 pmb:173 smb:8668 d:- ref:0 ;
in:280 out:282 type:b dur:2 cpbdur:2 q:26.07 aq:17.68 tex:163 mv:1119 misc:718 imb:144 pmb:98 smb:8758 d:- ref:0 ;
in:282 out:283 type:b dur:2 cpbdur:2 q:26.24 aq:11.00 tex:14 mv:53 misc:469 imb:0 pmb:9 smb:8991 d:- ref:0 ;
in:287 out:284 type:P dur:2 cpbdur:2 q:26.90 aq:10.90 tex:9544 mv:925 misc:995 imb:327 pmb:66 smb:8607 d:- ref:0 ;
in:285 out:285 type:B dur:2 cpbdur:2 q:26.61 aq:18.31 tex:2414 mv:1380 misc:838 imb:165 pmb:115 smb:8720 d:- ref:0 ;
in:284 out:286 type:b dur:2 cpbdur:2 q:26.47 aq:11.00 tex:51 mv:154 misc:651 imb:2 pmb:161 smb:8837 d:- ref:0 ;
in:286 out:287 type:b dur:2 cpbdur:2 q:26.76 aq:20.76 tex:2020 mv:1290 misc:922 imb:149 pmb:183 smb:8668 d:- ref:0 ;
in:291 out:288 type:P dur:2 cpbdur:2 q:26.64 aq:14.05 tex:230106 mv:6148 misc:1370 imb:917 pmb:293 smb:7790 d:- ref:0 ;
in:289 out:289 type:B dur:2 cpbdur:2 q:26.77 aq:20.95 tex:89975 mv:4862 misc:1627 imb:167 pmb:591 smb:8242 d:- ref:0 ;
in:288 out:290 type:b dur:2 cpbdur:2 q:26.84 aq:22.67 tex:11612 mv:3561 misc:1531 imb:162 pmb:545 smb:8293 d:- ref:0 ;
in:290 out:291 type:b dur:2 cpbdur:2 q:26.70 aq:24.91 tex:78033 mv:4778 misc:1525 imb:127 pmb:558 smb:8315 d:- ref:0 ;
in:295 out:292 type:P dur:2 cpbdur:2 q:26.37 aq:14.87 tex:386309 mv:6424 misc:1419 imb:1008 pmb:308 smb:7684 d:- ref:0 ;
in:293 out:293 type:B dur:2 cpbdur:2 q:26.50 aq:20.11 tex:3465 mv:994 misc:1373 imb:45 pmb:483 smb:8472 d:- ref:0 ;
in:292 out:294 type:b dur:2 cpbdur:2 q:26.57 aq:24.08 tex:107211 mv:6327 misc:1438 imb:234 pmb:621 smb:8145 d:- ref:0 ;
in:294 out:295 type:b dur:2 cpbdur:2 q:26.44 aq:11.25 tex:289 mv:640 misc:695 imb:34 pmb:131 smb:8835 d:- ref:0 ;
in:299 out:296 type:P dur:2 cpbdur:2 q:26.10 aq:15.22 tex:16021 mv:1343 misc:1276 imb:290 pmb:214 smb:8496 d:- ref:0 ;
in:297 out:297 type:B dur:2 cpbdur:2 q:26.24 aq:18.39 tex:2947 mv:1035 misc:826 imb:77 pmb:162 smb:8761 d:- ref:0 ;
in:296 out:298 type:b dur:2 cpbdur:2 q:26.30 aq:12.95 tex:2312 mv:887 misc:665 imb:59 pmb:161 smb:8780 d:- ref:0 ;
in:298 out:299 type:b dur:2 cpbdur:2 q:26.17 aq:11.30 tex:246 mv:643 misc:655 imb:58 pmb:94 smb:8848 d:- ref:0 ;
in:303 out:300 type:P dur:2 cpbdur:2 q:25.85 aq:17.04 tex:13985 mv:762 misc:1005 imb:177 pmb:174 smb:8649 d:- ref:0 ;
in:301 out:301 type:B dur:2 cpbdur:2 q:25.98 aq:14.75 tex:129 mv:281 misc:662 imb:2 pmb:109 smb:8889 d:- ref:0 ;
in:300 out:302 type:b dur:2 cpbdur:2 q:26.04 aq:19.75 tex:242 mv:61 misc:449 imb:5 pmb:1 smb:8994 d:- ref:0 ;
in:302 out:303 type:b dur:2 cpbdur:2 q:25.91 aq:24.35 tex:187 mv:195 misc:594 imb:2 pmb:99 smb:8899 d:- ref:0 ;
in:304 out:304 type:P dur:2 cpbdur:2 q:25.58 aq:14.58 tex:745036 mv:8892 misc:1376 imb:967 pmb:620 smb:7413 d:- ref:0 ;
in:308 out:305 type:P dur:2 cpbdur:2 q:25.51 aq:18.64 tex:20371 mv:939 misc:1522 imb:191 pmb:299 smb:8510 d:- ref:0 ;
in:306 out:306 type:B dur:2 cpbdur:2 q:25.55 aq:15.67 tex:3164 mv:1326 misc:742 imb:142 pmb:144 smb:8714 d:- ref:0 ;
in:305 out:307 type:b dur:2 cpbdur:2 q:25.56 aq:11.41 tex:778 mv:368 misc:614 imb:14 pmb:105 smb:8881 d:- ref:0 ;
in:307 out:308 type:b dur:2 cpbdur:2 q:25.53 aq:12.20 tex:680 mv:337 misc:695 imb:13 pmb:119 smb:8868 d:- ref:0 ;
in:312 out:309 type:P dur:2 cpbdur:2 q:25.64 aq:12.45 tex:243168 mv:6865 misc:1543 imb:1903 pmb:275 smb:6822 d:- ref:0 ;
in:310 out:310 type:B dur:2 cpbdur:2 q:25.58 aq:17.33 tex:4654 mv:2469 misc:1261 imb:216 pmb:374 smb:8410 d:- ref:0 ;
in:309 out:311 type:b dur:2 cpbdur:2 q:25.54 aq:16.40 tex:3670 mv:1239 misc:819 imb:117 pmb:199 smb:8684 d:- ref:0 ;
in:311 out:312 type:b dur:2 cpbdur:2 q:25.61 aq:13.09 tex:2477 mv:1703 misc:1380 imb:89 pmb:513 smb:8398 d:- ref:0 ;
in:316 out:313 type:P dur:2 cpbdur:2 q:25.83 aq:9.53 tex:411101 mv:6116 misc:1415 imb:1043 pmb:278 smb:7679 d:- ref:0 ;
in:314 out:314 type:B dur:2 cpbdur:2 q:25.73 aq:21.77 tex:151295 mv:5706 misc:1663 imb:215 pmb:689 smb:8096 d:- ref:0 ;
in:313 out:315 type:b dur:2 cpbdur:2 q:25.69 aq:22.82 tex:135452 mv:5890 misc:1610 imb:222 pmb:667 smb:8111 d:- ref:0 ;
in:315 out:316 type:b dur:2 cpbdur:2 q:25.78 aq:14.18 tex:152 mv:200 misc:1088 imb:3 pmb:297 smb:8700 d:- ref:0 ;
in:320 out:317 type:P dur:2 cpbdur:2 q:25.58 aq:17.92 tex:8757 mv:438 misc:1269 imb:41 pmb:158 smb:8801 d:- ref:0 ;
in:318 out:318 type:B dur:2 cpbdur:2 q:25.70 aq:9.00 tex:26 mv:62 misc:496 imb:0 pmb:14 smb:8986 d:- ref:0 ;
in:317 out:319 type:b dur:2 cpbdur:2 q:25.77 aq:17.03 tex:251 mv:68 misc:449 imb:5 pmb:1 smb:8994 d:- ref:0 ;
in:319 out:320 type:b dur:2 cpbdur:2 q:25.64 aq:17.91 tex:1573 mv:945 misc:538 imb:126 pmb:24 smb:8850 d:- ref:0 ;
in:324 out:321 type:P dur:2 cpbdur:2 q:25.32 aq:16.01 tex:8458 mv:420 misc:930 imb:44 pmb:81 smb:8875 d:- ref:0 ;
in:322 out:322 type:B dur:2 cpbdur:2 q:25.45 aq:22.05 tex:1369 mv:145 misc:478 imb:8 pmb:11 smb:8981 d:- ref:0 ;
in:321 out:323 type:b dur:2 cpbdur:2 q:25.51 aq:11.00 tex:12 mv:21 misc:455 imb:0 pmb:4 smb:8996 d:- ref:0 ;
in:323 out:324 type:b dur:2 cpbdur:2 q:25.38 aq:10.00 tex:10 mv:18 misc:452 imb:0 pmb:3 smb:8997 d:- ref:0 ;
in:328 out:325 type:P dur:2 cpbdur:2 q:25.70 aq:12.43 tex:1919 mv:312 misc:641 imb:38 pmb:16 smb:8946 d:- ref:0 ;
in:326 out:326 type:B dur:2 cpbdur:2 q:25.51 aq:9.00 tex:23 mv:95 misc:490 imb:7 pmb:5 smb:8988 d:- ref:0 ;
in:325 out:327 type:b dur:2 cpbdur:2 q:25.41 aq:10.00 tex:0 mv:0 misc:432 imb:0 pmb:0 smb:9000 d:- ref:0 ;
in:327 out:328 type:b dur:2 cpbdur:2 q:25.60 aq:11.00 tex:16 mv:48 misc:472 imb:0 pmb:11 smb:8989 d:- ref:0 ;
in:329 out:329 type:P dur:2 cpbdur:2 q:25.65 aq:16.63 tex:985 mv:120 misc:599 imb:5 pmb:15 smb:8980 d:- ref:0 ;
in:332 out:330 type:P dur:2 cpbdur:2 q:25.59 aq:12.98 tex:513755 mv:6059 misc:1018 imb:773 pmb:300 smb:7927 d:- ref:0 ;
in:331 out:331 type:B dur:2 cpbdur:2 q:25.61 aq:16.51 tex:154 mv:135 misc:855 imb:0 pmb:160 smb:8840 d:- ref:0 ;
in:330 out:332 type:b dur:2 cpbdur:2 q:25.63 aq:16.52 tex:470058 mv:13129 misc:1045 imb:522 pmb:991 smb:7487 d:- ref:0 ;
in:336 out:333 type:P dur:2 cpbdur:2 q:25.98 aq:18.05 tex:14567 mv:406 misc:1099 imb:26 pmb:139 smb:8835 d:- ref:0 ;
in:334 out:334 type:B dur:2 cpbdur:2 q:25.78 aq:10.00 tex:24 mv:109 misc:507 imb:1 pmb:21 smb:8978 d:- ref:0 ;
in:333 out:335 type:b dur:2 cpbdur:2 q:25.68 aq:28.98 tex:2833 mv:98 misc:477 imb:3 pmb:17 smb:8980 d:- ref:0 ;
in:335 out:336 type:b dur:2 cpbdur:2 q:25.88 aq:11.00 tex:25 mv:84 misc:475 imb:3 pmb:12 smb:8985 d:- ref:0 ;
in:340 out:337 type:P dur:2 cpbdur:2 q:25.72 aq:15.37 tex:458748 mv:6026 misc:1778 imb:879 pmb:470 smb:7651 d:- ref:0 ;
in:338 out:338 type:B dur:2 cpbdur:2 q:25.85 aq:16.99 tex:9397 mv:529 misc:1066 imb:37 pmb:184 smb:8779 d:- ref:0 ;
in:337 out:339 type:b dur:2 cpbdur:2 q:25.91 aq:24.34 tex:3112 mv:241 misc:471 imb:19 pmb:15 smb:8966 d:- ref:0 ;
in:339 out:340 type:b dur:2 cpbdur:2 q:25.78 aq:11.61 tex:2950 mv:517 misc:1037 imb:27 pmb:193 smb:8780 d:- ref:0 ;
in:344 out:341 type:P dur:2 cpbdur:2 q:25.47 aq:17.37 tex:36720 mv:1262 misc:2138 imb:252 pmb:373 smb:8375 d:- ref:0 ;
in:342 out:342 type:B dur:2 cpbdur:2 q:25.59 aq:20.32 tex:1119 mv:281 misc:776 imb:8 pmb:133 smb:8859 d:- ref:0 ;
in:341 out:343 type:b dur:2 cpbdur:2 q:25.66 aq:18.39 tex:132 mv:31 misc:461 imb:0 pmb:7 smb:8993 d:- ref:0 ;
in:343 out:344 type:b dur:2 cpbdur:2 q:25.53 aq:20.96 tex:3677 mv:1188 misc:799 imb:128 pmb:126 smb:8746 d:- ref:0 ;
in:348 out:345 type:P dur:2 cpbdur:2 q:25.21 aq:16.65 tex:37025 mv:981 misc:1930 imb:157 pmb:305 smb:8538 d:- ref:0 ;
in:346 out:346 type:B dur:2 cpbdur:2 q:25.34 aq:15.53 tex:6276 mv:850 misc:698 imb:60 pmb:104 smb:8836 d:- ref:0 ;
in:345 out:347 type:b dur:2 cpbdur:2 q:25.40 aq:15.34 tex:3338 mv:773 misc:673 imb:58 pmb:101 smb:8841 d:- ref:0 ;
in:347 out:348 type:b dur:2 cpbdur:2 q:25.27 aq:15.59 tex:192 mv:185 misc:623 imb:2 pmb:76 smb:8922 d:- ref:0 ;
in:349 out:349 type:P dur:2 cpbdur:2 q:25.36 aq:15.60 tex:20766 mv:956 misc:1310 imb:100 pmb:162 smb:8738 d:- ref:0 ;
in:350 out:350 type:P dur:2 cpbdur:2 q:25.68 aq:13.47 tex:14739 mv:994 misc:883 imb:129 pmb:84 smb:8787 d:- ref:0 ;
in:351 out:351 type:P dur:2 cpbdur:2 q:25.63 aq:13.43 tex:666910 mv:11981 misc:1605 imb:1801 pmb:473 smb:6726 d:- ref:0 ;
in:355 out:352 type:P dur:2 cpbdur:2 q:25.56 aq:16.40 tex:11544 mv:346 misc:1638 imb:21 pmb:226 smb:8753 d:- ref:0 ;
in:353 out:353 type:B dur:2 cpbdur:2 q:25.59 aq:10.02 tex:776 mv:143 misc:529 imb:1 pmb:13 smb:8986 d:- ref:0 ;
in:352 out:354 type:b dur:2 cpbdur:2 q:25.61 aq:11.97 tex:377 mv:54 misc:521 imb:0 pmb:15 smb:8985 d:- ref:0 ;
in:354 out:355 type:b dur:2 cpbdur:2 q:25.58 aq:11.97 tex:579 mv:48 misc:461 imb:0 pmb:6 smb:8994 d:- ref:0 ;
in:359 out:356 type:P dur:2 cpbdur:2 q:25.68 aq:16.80 tex:7081 mv:144 misc:983 imb:2 pmb:97 smb:8901 d:- ref:0 ;
in:357 out:357 type:B dur:2 cpbdur:2 q:25.62 aq:10.02 tex:1010 mv:65 misc:493 imb:2 pmb:7 smb:8991 d:- ref:0 ;
in:356 out:358 type:b dur:2 cpbdur:2 q:25.59 aq:11.97 tex:491 mv:28 misc:465 imb:0 pmb:6 smb:8994 d:- ref:0 ;
in:358 out:359 type:b dur:2 cpbdur:2 q:25.65 aq:12.02 tex:134 mv:45 misc:477 imb:0 pmb:10 smb:8990 d:- ref:0 ;
in:363 out:360 type:P dur:2 cpbdur:2 q:25.46 aq:16.92 tex:11724 mv:205 misc:1135 imb:5 pmb:118 smb:8877 d:- ref:0 ;
in:361 out:361 type:B dur:2 cpbdur:2 q:25.57 aq:10.02 tex:317 mv:57 misc:490 imb:1 pmb:8 smb:8991 d:- ref:0 ;
in:360 out:362 type:b dur:2 cpbdur:2 q:25.62 aq:11.97 tex:332 mv:51 misc:465 imb:0 pmb:6 smb:8994 d:- ref:0 ;
in:362 out:363 type:b dur:2 cpbdur:2 q:25.52 aq:11.00 tex:34 mv:27 misc:467 imb:0 pmb:6 smb:8994 d:- ref:0 ;
in:367 out:364 type:P dur:2 cpbdur:2 q:25.25 aq:17.32 tex:15049 mv:952 misc:1415 imb:207 pmb:154 smb:8639 d:- ref:0 ;
in:365 out:365 type:B dur:2 cpbdur:2 q:25.35 aq:16.05 tex:3078 mv:1141 misc:789 imb:113 pmb:95 smb:8792 d:- ref:0 ;
in:364 out:366 type:b dur:2 cpbdur:2 q:25.41 aq:10.00 tex:61 mv:150 misc:525 imb:4 pmb:35 smb:8961 d:- ref:0 ;
in:366 out:367 type:b dur:2 cpbdur:2 q:25.30 aq:10.06 tex:359 mv:535 misc:786 imb:29 pmb:127 smb:8844 d:- ref:0 ;
in:371 out:368 type:P dur:2 cpbdur:2 q:25.03 aq:13.68 tex:36843 mv:2183 misc:1582 imb:572 pmb:198 smb:8230 d:- ref:0 ;
in:369 out:369 type:B dur:2 cpbdur:2 q:25.14 aq:11.23 tex:366 mv:597 misc:1077 imb:20 pmb:318 smb:8662 d:- ref:0 ;
in:368 out:370 type:b dur:2 cpbdur:2 q:25.19 aq:10.00 tex:64 mv:198 misc:690 imb:4 pmb:117 smb:8879 d:- ref:0 ;
in:370 out:371 type:b dur:2 cpbdur:2 q:25.08 aq:10.00 tex:95 mv:715 misc:806 imb:73 pmb:146 smb:8781 d:- ref:0 ;
in:375 out:372 type:P dur:2 cpbdur:2 q:25.31 aq:12.70 tex:3314 mv:413 misc:857 imb:54 pmb:41 smb:8905 d:- ref:0 ;
in:373 out:373 type:B dur:2 cpbdur:2 q:25.17 aq:15.54 tex:76 mv:75 misc:529 imb:0 pmb:23 smb:8977 d:- ref:0 ;
in:372 out:374 type:b dur:2 cpbdur:2 q:25.10 aq:10.00 tex:33 mv:69 misc:498 imb:0 pmb:21 smb:8979 d:- ref:0 ;
in:374 out:375 type:b dur:2 cpbdur:2 q:25.24 aq:11.48 tex:132 mv:78 misc:478 imb:6 pmb:5 smb:8989 d:- ref:0 ;
in:379 out:376 type:P dur:2 cpbdur:2 q:25.06 aq:12.46 tex:11189 mv:1169 misc:1050 imb:238 pmb:111 smb:8651 d:- ref:0 ;
in:377 out:377 type:B dur:2 cpbdur:2 q:25.18 aq:15.64 tex:297 mv:397 misc:682 imb:23 pmb:104 smb:8873 d:- ref:0 ;
in:376 out:378 type:b dur:2 cpbdur:2 q:25.25 aq:10.00 tex:18 mv:23 misc:455 imb:0 pmb:3 smb:8997 d:- ref:0 ;
in:378 out:379 type:b dur:2 cpbdur:2 q:25.12 aq:12.20 tex:194 mv:154 misc:660 imb:0 pmb:113 smb:8887 d:- ref:0 ;
in:383 out:380 type:P dur:2 cpbdur:2 q:24.82 aq:16.60 tex:26163 mv:1205 misc:1360 imb:273 pmb:173 smb:8554 d:- ref:0 ;
in:381 out:381 type:B dur:2 cpbdur:2 q:24.94 aq:21.39 tex:185 mv:303 misc:768 imb:12 pmb:162 smb:8826 d:- ref:0 ;
in:380 out:382 type:b dur:2 cpbdur:2 q:25.00 aq:10.00 tex:54 mv:178 misc:576 imb:2 pmb:82 smb:8916 d:- ref:0 ;
in:382 out:383 type:b dur:2 cpbdur:2 q:24.88 aq:10.32 tex:2372 mv:1178 misc:706 imb:125 pmb:120 smb:8755 d:- ref:0 ;
in:387 out:384 type:P dur:2 cpbdur:2 q:24.59 aq:13.44 tex:16793 mv:1325 misc:1546 imb:361 pmb:174 smb:8465 d:- ref:0 ;
in:385 out:385 type:B dur:2 cpbdur:2 q:24.71 aq:11.64 tex:2964 mv:1251 misc:1001 imb:119 pmb:264 smb:8617 d:- ref:0 ;
in:384 out:386 type:b dur:2 cpbdur:2 q:24.77 aq:12.60 tex:3089 mv:1322 misc:901 imb:122 pmb:295 smb:8583 d:- ref:0 ;
in:386 out:387 type:b dur:2 cpbdur:2 q:24.65 aq:14.97 tex:2579 mv:858 misc:891 imb:52 pmb:278 smb:8670 d:- ref:0 ;
in:391 out:388 type:P dur:2 cpbdur:2 q:24.37 aq:15.78 tex:22271 mv:1269 misc:1532 imb:215 pmb:194 smb:8591 d:- ref:0 ;
in:389 out:389 type:B dur:2 cpbdur:2 q:24.48 aq:13.62 tex:1179 mv:540 misc:713 imb:40 pmb:129 smb:8831 d:- ref:0 ;
in:388 out:390 type:b dur:2 cpbdur:2 q:24.54 aq:10.00 tex:86 mv:87 misc:531 imb:0 pmb:24 smb:8976 d:- ref:0 ;
in:390 out:391 type:b dur:2 cpbdur:2 q:24.43 aq:9.70 tex:342 mv:423 misc:755 imb:14 pmb:186 smb:8800 d:- ref:0 ;
in:395 out:392 type:P dur:2 cpbdur:2 q:24.13 aq:15.42 tex:21554 mv:1307 misc:1723 imb:328 pmb:267 smb:8405 d:- ref:0 ;
in:393 out:393 type:B dur:2 cpbdur:2 q:24.25 aq:10.34 tex:2577 mv:1156 misc:971 imb:115 pmb:263 smb:8622 d:- ref:0 ;
in:392 out:394 type:b dur:2 cpbdur:2 q:24.31 aq:13.53 tex:285 mv:244 misc:703 imb:4 pmb:142 smb:8854 d:- ref:0 ;
in:394 out:395 type:b dur:2 cpbdur:2 q:24.19 aq:13.56 tex:2959 mv:1188 misc:853 imb:125 pmb:182 smb:8693 d:- ref:0 ;
in:396 out:396 type:P dur:2 cpbdur:2 q:23.89 aq:14.42 tex:29497 mv:1447 misc:1976 imb:413 pmb:350 smb:8237 d:- ref:0 ;
in:397 out:397 type:P dur:2 cpbdur:2 q:23.83 aq:13.47 tex:689594 mv:8702 misc:1952 imb:1214 pmb:609 smb:7177 d:- ref:0 ;
in:401 out:398 type:P dur:2 cpbdur:2 q:23.78 aq:14.21 tex:19669 mv:1219 misc:1776 imb:261 pmb:253 smb:8486 d:- ref:0 ;
in:399 out:399 type:B dur:2 cpbdur:2 q:23.80 aq:10.71 tex:3984 mv:1406 misc:1002 imb:142 pmb:243 smb:8615 d:- ref:0 ;
in:398 out:400 type:b dur:2 cpbdur:2 q:23.82 aq:12.02 tex:3206 mv:1289 misc:817 imb:134 pmb:189 smb:8677 d:- ref:0 ;
in:400 out:401 type:b dur:2 cpbdur:2 q:23.79 aq:17.92 tex:3316 mv:1577 misc:891 imb:182 pmb:188 smb:8630 d:- ref:0 ;
in:405 out:402 type:P dur:2 cpbdur:2 q:23.55 aq:13.39 tex:385872 mv:8573 misc:2067 imb:1434 pmb:460 smb:7106 d:- ref:0 ;
in:403 out:403 type:B dur:2 cpbdur:2 q:23.67 aq:19.46 tex:224843 mv:9833 misc:1876 imb:307 pmb:893 smb:7800 d:- ref:0 ;
in:402 out:404 type:b dur:2 cpbdur:2 q:23.73 aq:20.96 tex:275589 mv:11063 misc:1364 imb:571 pmb:709 smb:7720 d:- ref:0 ;
in:404 out:405 type:b dur:2 cpbdur:2 q:23.61 aq:20.63 tex:224333 mv:8775 misc:1652 imb:388 pmb:801 smb:7811 d:- ref:0 ;
in:409 out:406 type:P dur:2 cpbdur:2 q:23.33 aq:13.58 tex:452881 mv:5633 misc:2398 imb:572 pmb:525 smb:7903 d:- ref:0 ;
in:407 out:407 type:B dur:2 cpbdur:2 q:23.44 aq:18.49 tex:1306 mv:517 misc:1513 imb:21 pmb:428 smb:8551 d:- ref:0 ;
in:406 out:408 type:b dur:2 cpbdur:2 q:23.50 aq:12.73 tex:36267 mv:5306 misc:1315 imb:341 pmb:826 smb:7833 d:- ref:0 ;
in:408 out:409 type:b dur:2 cpbdur:2 q:23.39 aq:8.00 tex:33 mv:40 misc:479 imb:0 pmb:8 smb:8992 d:- ref:0 ;
in:413 out:410 type:P dur:2 cpbdur:2 q:23.10 aq:15.11 tex:50462 mv:1461 misc:2605 imb:422 pmb:461 smb:8117 d:- ref:0 ;
in:411 out:411 type:B dur:2 cpbdur:2 q:23.21 aq:13.39 tex:3732 mv:1055 misc:877 imb:77 pmb:240 smb:8683 d:- ref:0 ;
in:410 out:412 type:b dur:2 cpbdur:2 q:23.27 aq:15.74 tex:881 mv:261 misc:666 imb:1 pmb:165 smb:8834 d:- ref:0 ;
in:412 out:413 type:b dur:2 cpbdur:2 q:23.16 aq:8.00 tex:80 mv:169 misc:687 imb:2 pmb:157 smb:8841 d:- ref:0 ;
in:417 out:414 type:P dur:2 cpbdur:2 q:22.88 aq:14.15 tex:47646 mv:1695 misc:2475 imb:527 pmb:431 smb:8042 d:- ref:0 ;
in:415 out:415 type:B dur:2 cpbdur:2 q:22.99 aq:16.63 tex:634 mv:254 misc:936 imb:4 pmb:298 smb:8698 d:- ref:0 ;
in:414 out:416 type:b dur:2 cpbdur:2 q:23.04 aq:10.31 tex:3140 mv:1465 misc:883 imb:132 pmb:236 smb:8632 d:- ref:0 ;
in:416 out:417 type:b dur:2 cpbdur:2 q:22.93 aq:8.12 tex:487 mv:144 misc:601 imb:1 pmb:52 smb:8947 d:- ref:0 ;
in:421 out:418 type:P dur:2 cpbdur:2 q:23.16 aq:14.35 tex:40068 mv:1328 misc:1860 imb:257 pmb:277 smb:8466 d:- ref:0 ;
in:419 out:419 type:B dur:2 cpbdur:2 q:23.02 aq:12.53 tex:3987 mv:1366 misc:879 imb:82 pmb:208 smb:8710 d:- ref:0 ;
in:418 out:420 type:b dur:2 cpbdur:2 q:22.95 aq:16.80 tex:303 mv:335 misc:698 imb:18 pmb:145 smb:8837 d:- ref:0 ;
in:420 out:421 type:b dur:2 cpbdur:2 q:23.09 aq:8.00 tex:90 mv:450 misc:684 imb:21 pmb:134 smb:8845 d:- ref:0 ;
in:422 out:422 type:P dur:2 cpbdur:2 q:23.55 aq:12.99 tex:11956 mv:868 misc:1288 imb:149 pmb:154 smb:8697 d:- ref:0 ;
in:425 out:423 type:P dur:2 cpbdur:2 q:23.65 aq:14.44 tex:388287 mv:7192 misc:1313 imb:1017 pmb:377 smb:7606 d:- ref:0 ;
in:424 out:424 type:B dur:2 cpbdur:2 q:23.62 aq:17.41 tex:1726 mv:242 misc:944 imb:2 pmb:177 smb:8821 d:- ref:0 ;
in:423 out:425 type:b dur:2 cpbdur:2 q:23.59 aq:14.88 tex:528913 mv:12528 misc:1047 imb:318 pmb:933 smb:7749 d:- ref:0 ;
in:428 out:426 type:P dur:2 cpbdur:2 q:23.81 aq:13.61 tex:542081 mv:6441 misc:1326 imb:728 pmb:427 smb:7845 d:- ref:0 ;
in:427 out:427 type:B dur:2 cpbdur:2 q:23.75 aq:19.30 tex:1553 mv:451 misc:1108 imb:21 pmb:265 smb:8714 d:- ref:0 ;
in:426 out:428 type:b dur:2 cpbdur:2 q:23.70 aq:18.10 tex:34150 mv:2659 misc:1031 imb:116 pmb:905 smb:7979 d:- ref:0 ;
in:429 out:429 type:P dur:2 cpbdur:2 q:23.66 aq:13.03 tex:682403 mv:7446 misc:1327 imb:870 pmb:462 smb:7668 d:- ref:0 ;
in:433 out:430 type:P dur:2 cpbdur:2 q:23.61 aq:16.67 tex:29814 mv:1170 misc:1592 imb:207 pmb:321 smb:8472 d:- ref:0 ;
in:431 out:431 type:B dur:2 cpbdur:2 q:23.64 aq:17.34 tex:3250 mv:1228 misc:754 imb:101 pmb:178 smb:8721 d:- ref:0 ;
in:430 out:432 type:b dur:2 cpbdur:2 q:23.65 aq:13.73 tex:359 mv:196 misc:677 imb:2 pmb:134 smb:8864 d:- ref:0 ;
in:432 out:433 type:b dur:2 cpbdur:2 q:23.62 aq:9.00 tex:48 mv:163 misc:669 imb:2 pmb:109 smb:8889 d:- ref:0 ;
in:437 out:434 type:P dur:2 cpbdur:2 q:23.40 aq:11.45 tex:36549 mv:1321 misc:1194 imb:216 pmb:136 smb:8648 d:- ref:0 ;
in:435 out:435 type:B dur:2 cpbdur:2 q:23.50 aq:16.54 tex:1081 mv:440 misc:783 imb:18 pmb:165 smb:8817 d:- ref:0 ;
in:434 out:436 type:b dur:2 cpbdur:2 q:23.56 aq:9.00 tex:26 mv:99 misc:515 imb:0 pmb:32 smb:8968 d:- ref:0 ;
in:436 out:437 type:b dur:2 cpbdur:2 q:23.45 aq:23.62 tex:347 mv:124 misc:689 imb:1 pmb:153 smb:8846 d:- ref:0 ;
in:441 out:438 type:P dur:2 cpbdur:2 q:23.20 aq:14.75 tex:1088 mv:99 misc:749 imb:1 pmb:41 smb:8958 d:- ref:0 ;
in:439 out:439 type:B dur:2 cpbdur:2 q:23.30 aq:14.60 tex:37 mv:4 misc:471 imb:0 pmb:2 smb:8998 d:- ref:0 ;
in:438 out:440 type:b dur:2 cpbdur:2 q:23.35 aq:25.61 tex:1935 mv:7 misc:450 imb:0 pmb:4 smb:8996 d:- ref:0 ;
in:440 out:441 type:b dur:2 cpbdur:2 q:23.25 aq:22.11 tex:311 mv:17 misc:448 imb:1 pmb:2 smb:8997 d:- ref:0 ;
in:445 out:442 type:P dur:2 cpbdur:2 q:23.24 aq:14.04 tex:5356 mv:383 misc:781 imb:47 pmb:49 smb:8904 d:- ref:0 ;
in:443 out:443 type:B dur:2 cpbdur:2 q:23.22 aq:14.53 tex:83 mv:141 misc:536 imb:3 pmb:32 smb:8965 d:- ref:0 ;
in:442 out:444 type:b dur:2 cpbdur:2 q:23.21 aq:22.11 tex:311 mv:17 misc:448 imb:1 pmb:2 smb:8997 d:- ref:0 ;
in:444 out:445 type:b dur:2 cpbdur:2 q:23.23 aq:8.00 tex:119 mv:258 misc:519 imb:16 pmb:31 smb:8953 d:- ref:0 ;
in:449 out:446 type:P dur:2 cpbdur:2 q:23.75 aq:13.15 tex:2211 mv:276 misc:601 imb:39 pmb:16 smb:8945 d:- ref:0 ;
in:447 out:447 type:B dur:2 cpbdur:2 q:23.49 aq:15.20 tex:83 mv:24 misc:493 imb:0 pmb:6 smb:8994 d:- ref:0 ;
in:446 out:448 type:b dur:2 cpbdur:2 q:23.37 aq:8.10 tex:187 mv:23 misc:446 imb:0 pmb:3 smb:8997 d:- ref:0 ;
in:448 out:449 type:b dur:2 cpbdur:2 q:23.62 aq:9.88 tex:57 mv:2 misc:445 imb:0 pmb:1 smb:8999 d:- ref:0 ;
in:453 out:450 type:P dur:2 cpbdur:2 q:23.99 aq:16.05 tex:1316 mv:203 misc:545 imb:36 pmb:9 smb:8955 d:- ref:0 ;
in:451 out:451 type:B dur:2 cpbdur:2 q:23.87 aq:15.40 tex:109 mv:148 misc:527 imb:17 pmb:5 smb:8978 d:- ref:0 ;
in:450 out:452 type:b dur:2 cpbdur:2 q:23.81 aq:9.00 tex:8 mv:18 misc:446 imb:0 pmb:3 smb:8997 d:- ref:0 ;
in:452 out:453 type:b dur:2 cpbdur:2 q:23.93 aq:17.00 tex:127 mv:72 misc:481 imb:1 pmb:17 smb:8982 d:- ref:0 ;
in:457 out:454 type:P dur:2 cpbdur:2 q:23.78 aq:9.04 tex:33750 mv:1700 misc:630 imb:350 pmb:80 smb:8570 d:- ref:0 ;
in:455 out:455 type:B dur:2 cpbdur:2 q:23.89 aq:11.89 tex:472 mv:223 misc:513 imb:17 pmb:16 smb:8967 d:- ref:0 ;
in:454 out:456 type:b dur:2 cpbdur:2 q:23.94 aq:9.00 tex:0 mv:0 misc:432 imb:0 pmb:0 smb:9000 d:- ref:0 ;
in:456 out:457 type:b dur:2 cpbdur:2 q:23.83 aq:9.00 tex:34 mv:83 misc:499 imb:0 pmb:29 smb:8971 d:- ref:0 ;
in:458 out:458 type:P dur:2 cpbdur:2 q:23.55 aq:8.23 tex:1850 mv:262 misc:624 imb:24 pmb:19 smb:8957 d:- ref:0 ;
in:459 out:459 type:P dur:2 cpbdur:2 q:23.50 aq:13.96 tex:477487 mv:18444 misc:909 imb:4869 pmb:1256 smb:2875 d:- ref:0 ;
in:460 out:460 type:P dur:2 cpbdur:2 q:23.44 aq:15.09 tex:804726 mv:33962 misc:1120 imb:7612 pmb:315 smb:1073 d:- ref:0 ;
in:461 out:461 type:I dur:2 cpbdur:2 q:20.71 aq:10.94 tex:703809 mv:97968 misc:335 imb:9000 pmb:0 smb:0 d:- ref:;
in:462 out:462 type:P dur:2 cpbdur:2 q:23.33 aq:8.03 tex:328713 mv:15694 misc:569 imb:8074 pmb:570 smb:356 d:- ref:0 ;
in:466 out:463 type:P dur:2 cpbdur:2 q:23.27 aq:18.68 tex:8283 mv:465 misc:1140 imb:15 pmb:139 smb:8846 d:- ref:0 ;
in:464 out:464 type:B dur:2 cpbdur:2 q:23.30 aq:27.91 tex:548 mv:105 misc:515 imb:0 pmb:22 smb:8978 d:- ref:0 ;
in:463 out:465 type:b dur:2 cpbdur:2 q:23.31 aq:26.00 tex:144 mv:71 misc:505 imb:0 pmb:16 smb:8984 d:- ref:0 ;
in:465 out:466 type:b dur:2 cpbdur:2 q:23.28 aq:25.00 tex:84 mv:23 misc:437 imb:1 pmb:3 smb:8996 d:- ref:0 ;
in:470 out:467 type:P dur:2 cpbdur:2 q:23.04 aq:13.76 tex:12408 mv:656 misc:640 imb:62 pmb:31 smb:8907 d:- ref:0 ;
in:468 out:468 type:B dur:2 cpbdur:2 q:23.16 aq:24.37 tex:832 mv:106 misc:550 imb:0 pmb:53 smb:8947 d:- ref:0 ;
in:467 out:469 type:b dur:2 cpbdur:2 q:23.21 aq:18.96 tex:325 mv:166 misc:509 imb:2 pmb:38 smb:8960 d:- ref:0 ;
in:469 out:470 type:b dur:2 cpbdur:2 q:23.10 aq:25.39 tex:612 mv:43 misc:481 imb:0 pmb:14 smb:8986 d:- ref:0 ;
in:471 out:471 type:P dur:2 cpbdur:2 q:22.81 aq:12.68 tex:1968 mv:125 misc:571 imb:5 pmb:19 smb:8976 d:- ref:0 ;
in:472 out:472 type:P dur:2 cpbdur:2 q:22.77 aq:6.61 tex:6593 mv:2709 misc:514 imb:7447 pmb:20 smb:1533 d:- ref:0 ;
in:476 out:473 type:P dur:2 cpbdur:2 q:22.72 aq:19.66 tex:67744 mv:974 misc:722 imb:66 pmb:96 smb:8838 d:- ref:0 ;
in:474 out:474 type:B dur:2 cpbdur:2 q:22.75 aq:27.90 tex:1349 mv:111 misc:580 imb:0 pmb:58 smb:8942 d:- ref:0 ;
in:473 out:475 type:b dur:2 cpbdur:2 q:22.76 aq:21.00 tex:16 mv:85 misc:515 imb:0 pmb:41 smb:8959 d:- ref:0 ;
in:475 out:476 type:b dur:2 cpbdur:2 q:22.73 aq:26.73 tex:848 mv:126 misc:474 imb:2 pmb:18 smb:8980 d:- ref:0 ;
in:480 out:477 type:P dur:2 cpbdur:2 q:22.81 aq:17.24 tex:14969 mv:673 misc:606 imb:26 pmb:45 smb:8929 d:- ref:0 ;
in:478 out:478 type:B dur:2 cpbdur:2 q:22.76 aq:17.58 tex:1493 mv:216 misc:523 imb:8 pmb:28 smb:8964 d:- ref:0 ;
in:477 out:479 type:b dur:2 cpbdur:2 q:22.74 aq:28.50 tex:1202 mv:151 misc:503 imb:2 pmb:24 smb:8974 d:- ref:0 ;
in:479 out:480 type:b dur:2 cpbdur:2 q:22.79 aq:25.97 tex:360 mv:51 misc:461 imb:0 pmb:14 smb:8986 d:- ref:0 ;
in:484 out:481 type:P dur:2 cpbdur:2 q:23.79 aq:15.75 tex:38380 mv:1288 misc:612 imb:258 pmb:24 smb:8718 d:- ref:0 ;
in:482 out:482 type:B dur:2 cpbdur:2 q:23.30 aq:25.00 tex:290 mv:78 misc:568 imb:0 pmb:49 smb:8951 d:- ref:0 ;
in:481 out:483 type:b dur:2 cpbdur:2 q:23.05 aq:25.98 tex:151 mv:23 misc:434 imb:0 pmb:2 smb:8998 d:- ref:0 ;
in:483 out:484 type:b dur:2 cpbdur:2 q:23.54 aq:26.93 tex:262 mv:99 misc:535 imb:0 pmb:49 smb:8951 d:- ref:0 ;
in:485 out:485 type:P dur:2 cpbdur:2 q:23.57 aq:17.05 tex:73735 mv:1609 misc:560 imb:264 pmb:30 smb:8706 d:- ref:0 ;
in:487 out:486 type:P dur:2 cpbdur:2 q:23.52 aq:23.06 tex:72159 mv:1958 misc:867 imb:483 pmb:162 smb:8355 d:- ref:0 ;
in:486 out:487 type:b dur:2 cpbdur:2 q:23.54 aq:24.84 tex:2534 mv:325 misc:805 imb:4 pmb:131 smb:8865 d:- ref:0 ;
in:488 out:488 type:I dur:2 cpbdur:2 q:20.36 aq:5.44 tex:2164484 mv:100296 misc:388 imb:9000 pmb:0 smb:0 d:- ref:;
in:492 out:489 type:P dur:2 cpbdur:2 q:23.35 aq:16.75 tex:10309 mv:368 misc:779 imb:25 pmb:51 smb:8924 d:- ref:0 ;
in:490 out:490 type:B dur:2 cpbdur:2 q:23.35 aq:7.71 tex:763 mv:252 misc:561 imb:12 pmb:27 smb:8961 d:- ref:0 ;
in:489 out:491 type:b dur:2 cpbdur:2 q:23.35 aq:8.00 tex:23 mv:62 misc:491 imb:0 pmb:15 smb:8985 d:- ref:0 ;
in:491 out:492 type:b dur:2 cpbdur:2 q:23.35 aq:8.00 tex:29 mv:83 misc:496 imb:1 pmb:18 smb:8981 d:- ref:0 ;
in:496 out:493 type:P dur:2 cpbdur:2 q:23.18 aq:14.17 tex:10259 mv:426 misc:627 imb:60 pmb:22 smb:8918 d:- ref:0 ;
in:494 out:494 type:B dur:2 cpbdur:2 q:23.26 aq:7.00 tex:37 mv:126 misc:589 imb:2 pmb:42 smb:8956 d:- ref:0 ;
in:493 out:495 type:b dur:2 cpbdur:2 q:23.31 aq:14.96 tex:648 mv:285 misc:515 imb:36 pmb:18 smb:8946 d:- ref:0 ;
in:495 out:496 type:b dur:2 cpbdur:2 q:23.22 aq:8.00 tex:10 mv:25 misc:453 imb:0 pmb:4 smb:8996 d:- ref:0 ;
in:500 out:497 type:P dur:2 cpbdur:2 q:22.96 aq:12.46 tex:18994 mv:1323 misc:939 imb:415 pmb:61 smb:8524 d:- ref:0 ;
in:498 out:498 type:B dur:2 cpbdur:2 q:23.07 aq:17.85 tex:1308 mv:311 misc:861 imb:2 pmb:283 smb:8715 d:- ref:0 ;
in:497 out:499 type:b dur:2 cpbdur:2 q:23.12 aq:9.06 tex:129 mv:163 misc:836 imb:1 pmb:263 smb:8736 d:- ref:0 ;
in:499 out:500 type:b dur:2 cpbdur:2 q:23.02 aq:8.00 tex:29 mv:69 misc:518 imb:0 pmb:21 smb:8979 d:- ref:0 ;
in:501 out:501 type:P dur:2 cpbdur:2 q:22.77 aq:12.38 tex:2835 mv:202 misc:755 imb:16 pmb:45 smb:8939 d:- ref:0 ;
in:502 out:502 type:P dur:2 cpbdur:2 q:22.71 aq:12.59 tex:420843 mv:4235 misc:778 imb:415 pmb:327 smb:8258 d:- ref:0 ;
in:506 out:503 type:P dur:2 cpbdur:2 q:22.70 aq:15.35 tex:5048 mv:338 misc:910 imb:40 pmb:76 smb:8884 d:- ref:0 ;
in:504 out:504 type:B dur:2 cpbdur:2 q:22.71 aq:6.00 tex:34 mv:90 misc:548 imb:0 pmb:28 smb:8972 d:- ref:0 ;
in:503 out:505 type:b dur:2 cpbdur:2 q:22.71 aq:16.60 tex:346 mv:27 misc:459 imb:0 pmb:4 smb:8996 d:- ref:0 ;
in:505 out:506 type:b dur:2 cpbdur:2 q:22.70 aq:8.00 tex:100 mv:155 misc:489 imb:16 pmb:6 smb:8978 d:- ref:0 ;
in:510 out:507 type:P dur:2 cpbdur:2 q:23.76 aq:11.51 tex:4708 mv:334 misc:646 imb:49 pmb:19 smb:8932 d:- ref:0 ;
in:508 out:508 type:B dur:2 cpbdur:2 q:23.23 aq:15.04 tex:338 mv:81 misc:541 imb:0 pmb:21 smb:8979 d:- ref:0 ;
in:507 out:509 type:b dur:2 cpbdur:2 q:22.97 aq:17.28 tex:228 mv:55 misc:525 imb:0 pmb:13 smb:8987 d:- ref:0 ;
in:509 out:510 type:b dur:2 cpbdur:2 q:23.49 aq:21.09 tex:793 mv:100 misc:515 imb:1 pmb:20 smb:8979 d:- ref:0 ;
in:514 out:511 type:P dur:2 cpbdur:2 q:23.55 aq:13.95 tex:1123 mv:231 misc:558 imb:34 pmb:11 smb:8955 d:- ref:0 ;
in:512 out:512 type:B dur:2 cpbdur:2 q:23.65 aq:8.71 tex:96 mv:126 misc:498 imb:17 pmb:1 smb:8982 d:- ref:0 ;
in:511 out:513 type:b dur:2 cpbdur:2 q:23.71 aq:15.16 tex:101 mv:142 misc:509 imb:3 pmb:9 smb:8988 d:- ref:0 ;
in:513 out:514 type:b dur:2 cpbdur:2 q:23.60 aq:9.00 tex:0 mv:0 misc:432 imb:0 pmb:0 smb:9000 d:- ref:0 ;
in:518 out:515 type:P dur:2 cpbdur:2 q:23.35 aq:12.98 tex:355030 mv:5574 misc:788 imb:718 pmb:236 smb:8046 d:- ref:0 ;
in:516 out:516 type:B dur:2 cpbdur:2 q:23.45 aq:6.69 tex:151 mv:202 misc:855 imb:3 pmb:153 smb:8844 d:- ref:0 ;
in:515 out:517 type:b dur:2 cpbdur:2 q:23.50 aq:8.00 tex:0 mv:0 misc:432 imb:0 pmb:0 smb:9000 d:- ref:0 ;
in:517 out:518 type:b dur:2 cpbdur:2 q:23.40 aq:9.29 tex:89 mv:267 misc:772 imb:7 pmb:129 smb:8864 d:- ref:0 ;
in:519 out:519 type:P dur:2 cpbdur:2 q:23.14 aq:14.51 tex:419385 mv:5395 misc:1036 imb:762 pmb:262 smb:7976 d:- ref:0 ;
in:520 out:520 type:P dur:2 cpbdur:2 q:23.33 aq:16.44 tex:3575 mv:310 misc:915 imb:27 pmb:69 smb:8904 d:- ref:0 ;
in:522 out:521 type:P dur:2 cpbdur:2 q:23.28 aq:12.77 tex:546732 mv:7143 misc:1109 imb:926 pmb:277 smb:7797 d:- ref:0 ;
in:521 out:522 type:b dur:2 cpbdur:2 q:23.30 aq:13.50 tex:22651 mv:2016 misc:1733 imb:60 pmb:703 smb:8237 d:- ref:0 ;
in:523 out:523 type:P dur:2 cpbdur:2 q:23.17 aq:14.82 tex:5903 mv:451 misc:1094 imb:59 pmb:85 smb:8856 d:- ref:0 ;
in:527 out:524 type:P dur:2 cpbdur:2 q:23.12 aq:12.96 tex:244512 mv:4689 misc:983 imb:1177 pmb:170 smb:7653 d:- ref:0 ;
in:525 out:525 type:B dur:2 cpbdur:2 q:23.14 aq:18.02 tex:263109 mv:6314 misc:1169 imb:168 pmb:603 smb:8229 d:- ref:0 ;
in:524 out:526 type:b dur:2 cpbdur:2 q:23.16 aq:19.20 tex:373681 mv:9945 misc:1462 imb:259 pmb:903 smb:7838 d:- ref:0 ;
in:526 out:527 type:b dur:2 cpbdur:2 q:23.13 aq:13.22 tex:120452 mv:4200 misc:876 imb:54 pmb:409 smb:8537 d:- ref:0 ;
in:531 out:528 type:P dur:2 cpbdur:2 q:22.91 aq:15.91 tex:304241 mv:2577 misc:1070 imb:260 pmb:221 smb:8519 d:- ref:0 ;
in:529 out:529 type:B dur:2 cpbdur:2 q:23.01 aq:17.52 tex:242951 mv:5224 misc:1017 imb:203 pmb:423 smb:8374 d:- ref:0 ;
in:528 out:530 type:b dur:2 cpbdur:2 q:23.06 aq:12.33 tex:97400 mv:2932 misc:900 imb:53 pmb:296 smb:8651 d:- ref:0 ;
in:530 out:531 type:b dur:2 cpbdur:2 q:22.96 aq:12.86 tex:343 mv:213 misc:764 imb:5 pmb:131 smb:8864 d:- ref:0 ;
in:535 out:532 type:P dur:2 cpbdur:2 q:22.69 aq:12.18 tex:4579 mv:440 misc:941 imb:56 pmb:77 smb:8867 d:- ref:0 ;
in:533 out:533 type:B dur:2 cpbdur:2 q:22.80 aq:16.85 tex:295 mv:113 misc:552 imb:0 pmb:22 smb:8978 d:- ref:0 ;
in:532 out:534 type:b dur:2 cpbdur:2 q:22.85 aq:8.00 tex:22 mv:66 misc:488 imb:0 pmb:15 smb:8985 d:- ref:0 ;
in:534 out:535 type:b dur:2 cpbdur:2 q:22.75 aq:16.44 tex:51 mv:2 misc:443 imb:0 pmb:1 smb:8999 d:- ref:0 ;
in:539 out:536 type:P dur:2 cpbdur:2 q:22.69 aq:15.26 tex:2171 mv:275 misc:610 imb:27 pmb:18 smb:8955 d:- ref:0 ;
in:537 out:537 type:B dur:2 cpbdur:2 q:22.69 aq:15.82 tex:404 mv:181 misc:535 imb:19 pmb:10 smb:8971 d:- ref:0 ;
in:536 out:538 type:b dur:2 cpbdur:2 q:22.69 aq:15.23 tex:51 mv:27 misc:466 imb:0 pmb:5 smb:8995 d:- ref:0 ;
in:538 out:539 type:b dur:2 cpbdur:2 q:22.69 aq:16.39 tex:119 mv:24 misc:457 imb:0 pmb:3 smb:8997 d:- ref:0 ;
in:543 out:540 type:P dur:2 cpbdur:2 q:23.08 aq:10.37 tex:281069 mv:4447 misc:972 imb:820 pmb:204 smb:7976 d:- ref:0 ;
in:541 out:541 type:B dur:2 cpbdur:2 q:22.89 aq:12.80 tex:236 mv:331 misc:761 imb:23 pmb:142 smb:8835 d:- ref:0 ;
in:540 out:542 type:b dur:2 cpbdur:2 q:22.79 aq:12.71 tex:240212 mv:4797 misc:1087 imb:440 pmb:278 smb:8282 d:- ref:0 ;
in:542 out:543 type:b dur:2 cpbdur:2 q:22.98 aq:8.00 tex:50 mv:132 misc:730 imb:0 pmb:150 smb:8850 d:- ref:0 ;
in:547 out:544 type:P dur:2 cpbdur:2 q:23.39 aq:13.19 tex:333657 mv:4182 misc:961 imb:479 pmb:227 smb:8294 d:- ref:0 ;
in:545 out:545 type:B dur:2 cpbdur:2 q:23.23 aq:11.81 tex:770 mv:197 misc:841 imb:1 pmb:180 smb:8819 d:- ref:0 ;
in:544 out:546 type:b dur:2 cpbdur:2 q:23.15 aq:12.09 tex:200687 mv:5684 misc:1077 imb:244 pmb:425 smb:8331 d:- ref:0 ;
in:546 out:547 type:b dur:2 cpbdur:2 q:23.31 aq:8.00 tex:22 mv:67 misc:503 imb:1 pmb:11 smb:8988 d:- ref:0 ;
in:551 out:548 type:P dur:2 cpbdur:2 q:23.62 aq:14.37 tex:5389 mv:229 misc:710 imb:11 pmb:35 smb:8954 d:- ref:0 ;
in:549 out:549 type:B dur:2 cpbdur:2 q:23.50 aq:7.00 tex:19 mv:71 misc:510 imb:0 pmb:11 smb:8989 d:- ref:0 ;
in:548 out:550 type:b dur:2 cpbdur:2 q:23.45 aq:8.00 tex:18 mv:45 misc:473 imb:0 pmb:9 smb:8991 d:- ref:0 ;
in:550 out:551 type:b dur:2 cpbdur:2 q:23.56 aq:9.00 tex:10 mv:36 misc:450 imb:0 pmb:4 smb:8996 d:- ref:0 ;
in:555 out:552 type:P dur:2 cpbdur:2 q:23.42 aq:14.65 tex:441 mv:116 misc:555 imb:3 pmb:9 smb:8988 d:- ref:0 ;
in:553 out:553 type:B dur:2 cpbdur:2 q:23.52 aq:7.00 tex:17 mv:65 misc:470 imb:1 pmb:5 smb:8994 d:- ref:0 ;
in:552 out:554 type:b dur:2 cpbdur:2 q:23.57 aq:9.00 tex:10 mv:44 misc:450 imb:0 pmb:4 smb:8996 d:- ref:0 ;
in:554 out:555 type:b dur:2 cpbdur:2 q:23.47 aq:8.00 tex:12 mv:39 misc:453 imb:0 pmb:4 smb:8996 d:- ref:0 ;
in:559 out:556 type:P dur:2 cpbdur:2 q:23.21 aq:14.40 tex:121978 mv:2727 misc:855 imb:397 pmb:153 smb:8450 d:- ref:0 ;
in:557 out:557 type:B dur:2 cpbdur:2 q:23.31 aq:12.59 tex:253136 mv:5564 misc:860 imb:133 pmb:491 smb:8376 d:- ref:0 ;
in:556 out:558 type:b dur:2 cpbdur:2 q:23.36 aq:13.10 tex:317202 mv:7576 misc:902 imb:306 pmb:523 smb:8171 d:- ref:0 ;
in:558 out:559 type:b dur:2 cpbdur:2 q:23.26 aq:12.84 tex:106968 mv:3615 misc:745 imb:48 pmb:319 smb:8633 d:- ref:0 ;
in:563 out:560 type:P dur:2 cpbdur:2 q:23.30 aq:14.35 tex:220149 mv:3406 misc:901 imb:329 pmb:169 smb:8502 d:- ref:0 ;
in:561 out:561 type:B dur:2 cpbdur:2 q:23.26 aq:10.73 tex:139104 mv:3446 misc:834 imb:79 pmb:294 smb:8627 d:- ref:0 ;
in:560 out:562 type:b dur:2 cpbdur:2 q:23.23 aq:11.81 tex:491 mv:230 misc:783 imb:3 pmb:123 smb:8874 d:- ref:0 ;
in:562 out:563 type:b dur:2 cpbdur:2 q:23.28 aq:14.52 tex:1489 mv:342 misc:833 imb:13 pmb:140 smb:8847 d:- ref:0 ;
in:567 out:564 type:P dur:2 cpbdur:2 q:23.40 aq:12.00 tex:231839 mv:4006 misc:995 imb:537 pmb:212 smb:8251 d:- ref:0 ;
in:565 out:565 type:B dur:2 cpbdur:2 q:23.35 aq:12.78 tex:40802 mv:1488 misc:1086 imb:32 pmb:414 smb:8554 d:- ref:0 ;
in:564 out:566 type:b dur:2 cpbdur:2 q:23.33 aq:10.17 tex:101051 mv:4551 misc:894 imb:156 pmb:307 smb:8537 d:- ref:0 ;
in:566 out:567 type:b dur:2 cpbdur:2 q:23.38 aq:11.12 tex:3109 mv:419 misc:1056 imb:7 pmb:215 smb:8778 d:- ref:0 ;
in:568 out:568 type:P dur:2 cpbdur:2 q:23.20 aq:12.55 tex:316166 mv:4770 misc:872 imb:1022 pmb:195 smb:7783 d:- ref:0 ;
in:569 out:569 type:P dur:2 cpbdur:2 q:23.15 aq:14.75 tex:4420 mv:416 misc:964 imb:34 pmb:78 smb:8888 d:- ref:0 ;
in:573 out:570 type:P dur:2 cpbdur:2 q:23.10 aq:14.07 tex:202783 mv:3442 misc:959 imb:556 pmb:196 smb:8248 d:- ref:0 ;
in:571 out:571 type:B dur:2 cpbdur:2 q:23.13 aq:10.88 tex:202279 mv:3902 misc:891 imb:97 pmb:415 smb:8488 d:- ref:0 ;
in:570 out:572 type:b dur:2 cpbdur:2 q:23.14 aq:12.21 tex:253733 mv:6042 misc:913 imb:401 pmb:382 smb:8217 d:- ref:0 ;
in:572 out:573 type:b dur:2 cpbdur:2 q:23.11 aq:10.80 tex:42373 mv:1601 misc:914 imb:40 pmb:270 smb:8690 d:- ref:0 ;
in:577 out:574 type:P dur:2 cpbdur:2 q:22.97 aq:14.78 tex:5973 mv:360 misc:803 imb:30 pmb:39 smb:8931 d:- ref:0 ;
in:575 out:575 type:B dur:2 cpbdur:2 q:23.03 aq:11.32 tex:129764 mv:2998 misc:886 imb:188 pmb:151 smb:8661 d:- ref:0 ;
in:574 out:576 type:b dur:2 cpbdur:2 q:23.07 aq:13.52 tex:171534 mv:3763 misc:951 imb:125 pmb:391 smb:8484 d:- ref:0 ;
in:576 out:577 type:b dur:2 cpbdur:2 q:23.00 aq:14.03 tex:381 mv:218 misc:929 imb:2 pmb:197 smb:8801 d:- ref:0 ;
in:581 out:578 type:P dur:2 cpbdur:2 q:23.28 aq:15.77 tex:181716 mv:2443 misc:849 imb:189 pmb:161 smb:8650 d:- ref:0 ;
in:579 out:579 type:B dur:2 cpbdur:2 q:23.12 aq:11.95 tex:168063 mv:4121 misc:984 imb:186 pmb:339 smb:8475 d:- ref:0 ;
in:578 out:580 type:b dur:2 cpbdur:2 q:23.05 aq:12.69 tex:164390 mv:3756 misc:1134 imb:111 pmb:418 smb:8471 d:- ref:0 ;
in:580 out:581 type:b dur:2 cpbdur:2 q:23.20 aq:12.85 tex:162469 mv:3922 misc:1097 imb:121 pmb:446 smb:8433 d:- ref:0 ;
in:585 out:582 type:P dur:2 cpbdur:2 q:23.29 aq:13.29 tex:261085 mv:4401 misc:906 imb:512 pmb:226 smb:8262 d:- ref:0 ;
in:583 out:583 type:B dur:2 cpbdur:2 q:23.28 aq:10.60 tex:180860 mv:4978 misc:1314 imb:200 pmb:423 smb:8377 d:- ref:0 ;
in:582 out:584 type:b dur:2 cpbdur:2 q:23.28 aq:12.58 tex:197493 mv:4700 misc:1071 imb:149 pmb:442 smb:8409 d:- ref:0 ;
in:584 out:585 type:b dur:2 cpbdur:2 q:23.29 aq:11.30 tex:198588 mv:4690 misc:1026 imb:176 pmb:415 smb:8409 d:- ref:0 ;
in:586 out:586 type:P dur:2 cpbdur:2 q:23.35 aq:14.89 tex:373802 mv:4320 misc:1046 imb:721 pmb:276 smb:8003 d:- ref:0 ;
in:587 out:587 type:P dur:2 cpbdur:2 q:23.30 aq:15.29 tex:3446 mv:346 misc:888 imb:22 pmb:76 smb:8902 d:- ref:0 ;
in:589 out:588 type:P dur:2 cpbdur:2 q:23.36 aq:14.42 tex:608827 mv:7015 misc:1014 imb:825 pmb:367 smb:7808 d:- ref:0 ;
in:588 out:589 type:b dur:2 cpbdur:2 q:23.33 aq:13.40 tex:359340 mv:10313 misc:1003 imb:347 pmb:657 smb:7996 d:- ref:0 ;
in:590 out:590 type:P dur:2 cpbdur:2 q:23.51 aq:12.95 tex:1035589 mv:9196 misc:1175 imb:903 pmb:476 smb:7621 d:- ref:0 ;
in:594 out:591 type:P dur:2 cpbdur:2 q:23.49 aq:11.80 tex:16062 mv:303 misc:1571 imb:9 pmb:276 smb:8715 d:- ref:0 ;
in:592 out:592 type:B dur:2 cpbdur:2 q:23.50 aq:9.15 tex:219 mv:101 misc:528 imb:2 pmb:12 smb:8986 d:- ref:0 ;
in:591 out:593 type:b dur:2 cpbdur:2 q:23.51 aq:10.83 tex:107 mv:70 misc:487 imb:0 pmb:10 smb:8990 d:- ref:0 ;
in:593 out:594 type:b dur:2 cpbdur:2 q:23.49 aq:8.00 tex:12 mv:42 misc:458 imb:0 pmb:4 smb:8996 d:- ref:0 ;
in:598 out:595 type:P dur:2 cpbdur:2 q:23.46 aq:10.59 tex:11513 mv:393 misc:1150 imb:38 pmb:140 smb:8822 d:- ref:0 ;
in:596 out:596 type:B dur:2 cpbdur:2 q:23.47 aq:7.00 tex:27 mv:103 misc:518 imb:0 pmb:24 smb:8976 d:- ref:0 ;
in:595 out:597 type:b dur:2 cpbdur:2 q:23.48 aq:8.00 tex:9 mv:40 misc:447 imb:0 pmb:4 smb:8996 d:- ref:0 ;
in:597 out:598 type:b dur:2 cpbdur:2 q:23.46 aq:8.00 tex:30 mv:80 misc:498 imb:0 pmb:24 smb:8976 d:- ref:0 ;
in:602 out:599 type:P dur:2 cpbdur:2 q:23.63 aq:14.57 tex:10326 mv:393 misc:1041 imb:41 pmb:110 smb:8849 d:- ref:0 ;
in:600 out:600 type:B dur:2 cpbdur:2 q:23.54 aq:6.60 tex:211 mv:131 misc:546 imb:2 pmb:35 smb:8963 d:- ref:0 ;
in:599 out:601 type:b dur:2 cpbdur:2 q:23.50 aq:9.00 tex:25 mv:74 misc:501 imb:0 pmb:24 smb:8976 d:- ref:0 ;
in:601 out:602 type:b dur:2 cpbdur:2 q:23.59 aq:16.65 tex:427 mv:56 misc:477 imb:0 pmb:13 smb:8987 d:- ref:0 ;
in:606 out:603 type:P dur:2 cpbdur:2 q:23.88 aq:13.24 tex:2229 mv:162 misc:665 imb:3 pmb:31 smb:8966 d:- ref:0 ;
in:604 out:604 type:B dur:2 cpbdur:2 q:23.76 aq:7.00 tex:19 mv:77 misc:480 imb:0 pmb:9 smb:8991 d:- ref:0 ;
in:603 out:605 type:b dur:2 cpbdur:2 q:23.69 aq:9.00 tex:16 mv:52 misc:444 imb:1 pmb:5 smb:8994 d:- ref:0 ;
in:605 out:606 type:b dur:2 cpbdur:2 q:23.82 aq:9.00 tex:14 mv:37 misc:469 imb:0 pmb:7 smb:8993 d:- ref:0 ;
in:610 out:607 type:P dur:2 cpbdur:2 q:24.39 aq:17.09 tex:7820 mv:667 misc:657 imb:125 pmb:49 smb:8826 d:- ref:0 ;
in:608 out:608 type:B dur:2 cpbdur:2 q:24.14 aq:23.01 tex:2608 mv:138 misc:566 imb:1 pmb:88 smb:8911 d:- ref:0 ;
in:607 out:609 type:b dur:2 cpbdur:2 q:24.01 aq:9.00 tex:12 mv:38 misc:462 imb:0 pmb:7 smb:8993 d:- ref:0 ;
in:609 out:610 type:b dur:2 cpbdur:2 q:24.26 aq:9.00 tex:40 mv:136 misc:552 imb:0 pmb:89 smb:8911 d:- ref:0 ;
in:614 out:611 type:P dur:2 cpbdur:2 q:24.73 aq:13.40 tex:14165 mv:791 misc:740 imb:161 pmb:60 smb:8779 d:- ref:0 ;
in:612 out:612 type:B dur:2 cpbdur:2 q:24.56 aq:18.40 tex:123 mv:98 misc:579 imb:0 pmb:87 smb:8913 d:- ref:0 ;
in:611 out:613 type:b dur:2 cpbdur:2 q:24.47 aq:9.00 tex:43 mv:167 misc:558 imb:1 pmb:85 smb:8914 d:- ref:0 ;
in:613 out:614 type:b dur:2 cpbdur:2 q:24.64 aq:10.00 tex:161 mv:103 misc:456 imb:13 pmb:2 smb:8985 d:- ref:0 ;
in:618 out:615 type:P dur:2 cpbdur:2 q:24.55 aq:14.13 tex:1931 mv:266 misc:643 imb:35 pmb:24 smb:8941 d:- ref:0 ;
in:616 out:616 type:B dur:2 cpbdur:2 q:24.64 aq:16.80 tex:122 mv:153 misc:517 imb:11 pmb:7 smb:8982 d:- ref:0 ;
in:615 out:617 type:b dur:2 cpbdur:2 q:24.69 aq:17.87 tex:48 mv:22 misc:458 imb:2 pmb:1 smb:8997 d:- ref:0 ;
in:617 out:618 type:b dur:2 cpbdur:2 q:24.60 aq:15.32 tex:97 mv:106 misc:485 imb:11 pmb:4 smb:8985 d:- ref:0 ;
in:622 out:619 type:P dur:2 cpbdur:2 q:24.37 aq:14.45 tex:14286 mv:503 misc:643 imb:59 pmb:46 smb:8895 d:- ref:0 ;
in:620 out:620 type:B dur:2 cpbdur:2 q:24.46 aq:8.00 tex:23 mv:75 misc:518 imb:0 pmb:20 smb:8980 d:- ref:0 ;
in:619 out:621 type:b dur:2 cpbdur:2 q:24.51 aq:10.00 tex:0 mv:0 misc:432 imb:0 pmb:0 smb:9000 d:- ref:0 ;
in:621 out:622 type:b dur:2 cpbdur:2 q:24.42 aq:9.00 tex:27 mv:62 misc:503 imb:0 pmb:20 smb:8980 d:- ref:0 ;
in:626 out:623 type:P dur:2 cpbdur:2 q:24.19 aq:14.70 tex:1770 mv:140 misc:626 imb:6 pmb:18 smb:8976 d:- ref:0 ;
in:624 out:624 type:B dur:2 cpbdur:2 q:24.28 aq:8.00 tex:11 mv:25 misc:476 imb:0 pmb:4 smb:8996 d:- ref:0 ;
in:623 out:625 type:b dur:2 cpbdur:2 q:24.33 aq:9.00 tex:2 mv:7 misc:447 imb:0 pmb:1 smb:8999 d:- ref:0 ;
in:625 out:626 type:b dur:2 cpbdur:2 q:24.24 aq:9.00 tex:7 mv:18 misc:447 imb:0 pmb:3 smb:8997 d:- ref:0 ;
in:627 out:627 type:P dur:2 cpbdur:2 q:24.01 aq:12.36 tex:2602 mv:158 misc:800 imb:4 pmb:49 smb:8947 d:- ref:0 ;
in:628 out:628 type:P dur:2 cpbdur:2 q:23.97 aq:13.88 tex:662607 mv:9702 misc:2003 imb:1469 pmb:447 smb:7084 d:- ref:0 ;
in:632 out:629 type:P dur:2 cpbdur:2 q:23.93 aq:13.43 tex:116971 mv:2513 misc:1764 imb:343 pmb:305 smb:8352 d:- ref:0 ;
in:630 out:630 type:B dur:2 cpbdur:2 q:23.95 aq:23.22 tex:1308 mv:310 misc:774 imb:3 pmb:193 smb:8804 d:- ref:0 ;
in:629 out:631 type:b dur:2 cpbdur:2 q:23.96 aq:10.47 tex:1339 mv:233 misc:564 imb:9 pmb:50 smb:8941 d:- ref:0 ;
in:631 out:632 type:b dur:2 cpbdur:2 q:23.94 aq:10.54 tex:553 mv:201 misc:550 imb:4 pmb:93 smb:8903 d:- ref:0 ;
in:636 out:633 type:P dur:2 cpbdur:2 q:23.74 aq:15.55 tex:13838 mv:511 misc:1283 imb:30 pmb:140 smb:8830 d:- ref:0 ;
in:634 out:634 type:B dur:2 cpbdur:2 q:23.83 aq:14.75 tex:1474 mv:207 misc:583 imb:7 pmb:30 smb:8963 d:- ref:0 ;
in:633 out:635 type:b dur:2 cpbdur:2 q:23.88 aq:9.99 tex:376 mv:144 misc:512 imb:1 pmb:24 smb:8975 d:- ref:0 ;
in:635 out:636 type:b dur:2 cpbdur:2 q:23.79 aq:17.22 tex:463 mv:113 misc:504 imb:0 pmb:16 smb:8984 d:- ref:0 ;
in:640 out:637 type:P dur:2 cpbdur:2 q:23.56 aq:15.51 tex:9105 mv:360 misc:1023 imb:20 pmb:82 smb:8898 d:- ref:0 ;
in:638 out:638 type:B dur:2 cpbdur:2 q:23.65 aq:15.11 tex:53 mv:51 misc:504 imb:1 pmb:9 smb:8990 d:- ref:0 ;
in:637 out:639 type:b dur:2 cpbdur:2 q:23.70 aq:9.99 tex:144 mv:42 misc:462 imb:0 pmb:8 smb:8992 d:- ref:0 ;
in:639 out:640 type:b dur:2 cpbdur:2 q:23.61 aq:9.00 tex:0 mv:0 misc:432 imb:0 pmb:0 smb:9000 d:- ref:0 ;
in:644 out:641 type:P dur:2 cpbdur:2 q:23.38 aq:16.75 tex:7941 mv:348 misc:1271 imb:22 pmb:136 smb:8842 d:- ref:0 ;
in:642 out:642 type:B dur:2 cpbdur:2 q:23.47 aq:15.22 tex:135 mv:66 misc:511 imb:1 pmb:12 smb:8987 d:- ref:0 ;
in:641 out:643 type:b dur:2 cpbdur:2 q:23.52 aq:17.11 tex:49 mv:54 misc:465 imb:0 pmb:12 smb:8988 d:- ref:0 ;
in:643 out:644 type:b dur:2 cpbdur:2 q:23.42 aq:8.00 tex:13 mv:30 misc:461 imb:0 pmb:5 smb:8995 d:- ref:0 ;
in:648 out:645 type:P dur:2 cpbdur:2 q:23.19 aq:12.44 tex:9362 mv:384 misc:1310 imb:22 pmb:156 smb:8822 d:- ref:0 ;
in:646 out:646 type:B dur:2 cpbdur:2 q:23.28 aq:7.00 tex:27 mv:150 misc:527 imb:1 pmb:19 smb:8980 d:- ref:0 ;
in:645 out:647 type:b dur:2 cpbdur:2 q:23.33 aq:8.00 tex:16 mv:55 misc:473 imb:0 pmb:9 smb:8991 d:- ref:0 ;
in:647 out:648 type:b dur:2 cpbdur:2 q:23.24 aq:8.00 tex:17 mv:51 misc:468 imb:0 pmb:10 smb:8990 d:- ref:0 ;
in:652 out:649 type:P dur:2 cpbdur:2 q:23.42 aq:16.14 tex:7489 mv:392 misc:991 imb:32 pmb:92 smb:8876 d:- ref:0 ;
in:650 out:650 type:B dur:2 cpbdur:2 q:23.30 aq:20.48 tex:1398 mv:129 misc:521 imb:4 pmb:23 smb:8973 d:- ref:0 ;
in:649 out:651 type:b dur:2 cpbdur:2 q:23.25 aq:8.00 tex:20 mv:48 misc:460 imb:0 pmb:10 smb:8990 d:- ref:0 ;
in:651 out:652 type:b dur:2 cpbdur:2 q:23.36 aq:8.00 tex:32 mv:90 misc:502 imb:1 pmb:22 smb:8977 d:- ref:0 ;
in:656 out:653 type:P dur:2 cpbdur:2 q:23.24 aq:15.37 tex:44215 mv:1125 misc:1020 imb:167 pmb:129 smb:8704 d:- ref:0 ;
in:654 out:654 type:B dur:2 cpbdur:2 q:23.33 aq:9.19 tex:212 mv:415 misc:533 imb:34 pmb:20 smb:8946 d:- ref:0 ;
in:653 out:655 type:b dur:2 cpbdur:2 q:23.38 aq:8.00 tex:0 mv:0 misc:432 imb:0 pmb:0 smb:9000 d:- ref:0 ;
in:655 out:656 type:b dur:2 cpbdur:2 q:23.29 aq:10.47 tex:160 mv:144 misc:520 imb:2 pmb:52 smb:8946 d:- ref:0 ;
in:660 out:657 type:P dur:2 cpbdur:2 q:23.06 aq:14.06 tex:56956 mv:966 misc:1182 imb:115 pmb:205 smb:8680 d:- ref:0 ;
in:658 out:658 type:B dur:2 cpbdur:2 q:23.15 aq:21.65 tex:238 mv:232 misc:618 imb:6 pmb:70 smb:8924 d:- ref:0 ;
in:657 out:659 type:b dur:2 cpbdur:2 q:23.20 aq:20.03 tex:77 mv:135 misc:556 imb:1 pmb:59 smb:8940 d:- ref:0 ;
in:659 out:660 type:b dur:2 cpbdur:2 q:23.11 aq:8.00 tex:14 mv:54 misc:452 imb:1 pmb:5 smb:8994 d:- ref:0 ;
in:663 out:661 type:P dur:2 cpbdur:2 q:22.88 aq:11.67 tex:13560 mv:286 misc:1306 imb:13 pmb:175 smb:8812 d:- ref:0 ;
in:662 out:662 type:B dur:2 cpbdur:2 q:22.94 aq:8.00 tex:26 mv:103 misc:479 imb:2 pmb:12 smb:8986 d:- ref:0 ;
in:661 out:663 type:b dur:2 cpbdur:2 q:23.00 aq:8.00 tex:22 mv:58 misc:480 imb:0 pmb:14 smb:8986 d:- ref:0 ;
in:664 out:664 type:P dur:2 cpbdur:2 q:22.74 aq:10.61 tex:644818 mv:9722 misc:2364 imb:1869 pmb:559 smb:6572 d:- ref:0 ;
in:668 out:665 type:P dur:2 cpbdur:2 q:22.69 aq:15.14 tex:55691 mv:1185 misc:1948 imb:96 pmb:298 smb:8606 d:- ref:0 ;
in:666 out:666 type:B dur:2 cpbdur:2 q:22.72 aq:17.07 tex:1335 mv:195 misc:662 imb:7 pmb:74 smb:8919 d:- ref:0 ;
in:665 out:667 type:b dur:2 cpbdur:2 q:22.73 aq:17.56 tex:1214 mv:201 misc:617 imb:5 pmb:59 smb:8936 d:- ref:0 ;
in:667 out:668 type:b dur:2 cpbdur:2 q:22.70 aq:9.02 tex:688 mv:78 misc:474 imb:0 pmb:10 smb:8990 d:- ref:0 ;
in:672 out:669 type:P dur:2 cpbdur:2 q:22.51 aq:14.21 tex:47007 mv:1216 misc:1729 imb:187 pmb:246 smb:8567 d:- ref:0 ;
in:670 out:670 type:B dur:2 cpbdur:2 q:22.60 aq:17.07 tex:883 mv:170 misc:635 imb:0 pmb:119 smb:8881 d:- ref:0 ;
in:669 out:671 type:b dur:2 cpbdur:2 q:22.65 aq:8.97 tex:935 mv:143 misc:562 imb:0 pmb:97 smb:8903 d:- ref:0 ;
in:671 out:672 type:b dur:2 cpbdur:2 q:22.55 aq:9.02 tex:610 mv:89 misc:501 imb:0 pmb:20 smb:8980 d:- ref:0 ;
in:676 out:673 type:P dur:2 cpbdur:2 q:22.34 aq:12.88 tex:32354 mv:487 misc:1695 imb:41 pmb:299 smb:8660 d:- ref:0 ;
in:674 out:674 type:B dur:2 cpbdur:2 q:22.42 aq:15.24 tex:1356 mv:216 misc:516 imb:15 pmb:13 smb:8972 d:- ref:0 ;
in:673 out:675 type:b dur:2 cpbdur:2 q:22.46 aq:17.73 tex:520 mv:180 misc:516 imb:15 pmb:10 smb:8975 d:- ref:0 ;
in:675 out:676 type:b dur:2 cpbdur:2 q:22.38 aq:16.98 tex:473 mv:92 misc:499 imb:6 pmb:9 smb:8985 d:- ref:0 ;
in:680 out:677 type:P dur:2 cpbdur:2 q:22.18 aq:14.37 tex:15558 mv:402 misc:1600 imb:36 pmb:244 smb:8720 d:- ref:0 ;
in:678 out:678 type:B dur:2 cpbdur:2 q:22.26 aq:14.53 tex:1496 mv:328 misc:512 imb:34 pmb:12 smb:8954 d:- ref:0 ;
in:677 out:679 type:b dur:2 cpbdur:2 q:22.30 aq:13.30 tex:95 mv:62 misc:483 imb:6 pmb:1 smb:8993 d:- ref:0 ;
in:679 out:680 type:b dur:2 cpbdur:2 q:22.22 aq:15.25 tex:1217 mv:282 misc:485 imb:31 pmb:14 smb:8955 d:- ref:0 ;
in:684 out:681 type:P dur:2 cpbdur:2 q:21.99 aq:10.53 tex:36483 mv:1437 misc:1800 imb:483 pmb:265 smb:8252 d:- ref:0 ;
in:682 out:682 type:B dur:2 cpbdur:2 q:22.09 aq:6.38 tex:395 mv:368 misc:861 imb:7 pmb:246 smb:8747 d:- ref:0 ;
in:681 out:683 type:b dur:2 cpbdur:2 q:22.13 aq:7.00 tex:29 mv:96 misc:467 imb:0 pmb:22 smb:8978 d:- ref:0 ;
in:683 out:684 type:b dur:2 cpbdur:2 q:22.04 aq:17.60 tex:1117 mv:352 misc:787 imb:9 pmb:227 smb:8764 d:- ref:0 ;
in:688 out:685 type:P dur:2 cpbdur:2 q:22.18 aq:16.29 tex:30206 mv:1138 misc:1456 imb:201 pmb:200 smb:8599 d:- ref:0 ;
in:686 out:686 type:B dur:2 cpbdur:2 q:22.08 aq:18.32 tex:155 mv:174 misc:767 imb:0 pmb:174 smb:8826 d:- ref:0 ;
in:685 out:687 type:b dur:2 cpbdur:2 q:22.04 aq:7.00 tex:25 mv:64 misc:479 imb:0 pmb:16 smb:8984 d:- ref:0 ;
in:687 out:688 type:b dur:2 cpbdur:2 q:22.13 aq:7.00 tex:137 mv:438 misc:641 imb:33 pmb:73 smb:8894 d:- ref:0 ;
in:692 out:689 type:P dur:2 cpbdur:2 q:22.01 aq:14.23 tex:25586 mv:1352 misc:1406 imb:281 pmb:182 smb:8537 d:- ref:0 ;
in:690 out:690 type:B dur:2 cpbdur:2 q:22.09 aq:14.70 tex:235 mv:801 misc:796 imb:57 pmb:131 smb:8812 d:- ref:0 ;
in:689 out:691 type:b dur:2 cpbdur:2 q:22.14 aq:7.00 tex:37 mv:119 misc:540 imb:2 pmb:31 smb:8967 d:- ref:0 ;
in:691 out:692 type:b dur:2 cpbdur:2 q:22.05 aq:7.00 tex:54 mv:253 misc:709 imb:6 pmb:143 smb:8851 d:- ref:0 ;
in:696 out:693 type:P dur:2 cpbdur:2 q:21.84 aq:13.10 tex:390247 mv:8209 misc:1864 imb:1544 pmb:396 smb:7060 d:- ref:0 ;
in:694 out:694 type:B dur:2 cpbdur:2 q:21.93 aq:8.83 tex:9482 mv:1995 misc:1059 imb:160 pmb:366 smb:8474 d:- ref:0 ;
in:693 out:695 type:b dur:2 cpbdur:2 q:21.97 aq:8.88 tex:5549 mv:984 misc:915 imb:71 pmb:312 smb:8617 d:- ref:0 ;
in:695 out:696 type:b dur:2 cpbdur:2 q:21.88 aq:11.80 tex:5538 mv:1672 misc:1022 imb:156 pmb:323 smb:8521 d:- ref:0 ;
in:700 out:697 type:P dur:2 cpbdur:2 q:21.65 aq:11.01 tex:638593 mv:8196 misc:2315 imb:911 pmb:604 smb:7485 d:- ref:0 ;
in:698 out:698 type:B dur:2 cpbdur:2 q:21.75 aq:22.45 tex:2781 mv:305 misc:810 imb:6 pmb:167 smb:8827 d:- ref:0 ;
in:697 out:699 type:b dur:2 cpbdur:2 q:21.79 aq:20.74 tex:243944 mv:8200 misc:1384 imb:310 pmb:890 smb:7800 d:- ref:0 ;
in:699 out:700 type:b dur:2 cpbdur:2 q:21.70 aq:7.00 tex:31 mv:99 misc:534 imb:0 pmb:29 smb:8971 d:- ref:0 ;
in:704 out:701 type:P dur:2 cpbdur:2 q:21.48 aq:13.00 tex:49117 mv:1049 misc:2450 imb:213 pmb:477 smb:8310 d:- ref:0 ;
in:702 out:702 type:B dur:2 cpbdur:2 q:21.57 aq:15.62 tex:676 mv:182 misc:638 imb:1 pmb:107 smb:8892 d:- ref:0 ;
in:701 out:703 type:b dur:2 cpbdur:2 q:21.61 aq:7.00 tex:46 mv:194 misc:632 imb:2 pmb:102 smb:8896 d:- ref:0 ;
in:703 out:704 type:b dur:2 cpbdur:2 q:21.52 aq:7.00 tex:22 mv:50 misc:472 imb:0 pmb:10 smb:8990 d:- ref:0 ;
in:708 out:705 type:P dur:2 cpbdur:2 q:21.30 aq:12.56 tex:71180 mv:1342 misc:2262 imb:270 pmb:412 smb:8318 d:- ref:0 ;
in:706 out:706 type:B dur:2 cpbdur:2 q:21.39 aq:20.74 tex:1332 mv:232 misc:828 imb:1 pmb:209 smb:8790 d:- ref:0 ;
in:705 out:707 type:b dur:2 cpbdur:2 q:21.44 aq:6.66 tex:3075 mv:1594 misc:699 imb:192 pmb:130 smb:8678 d:- ref:0 ;
in:707 out:708 type:b dur:2 cpbdur:2 q:21.35 aq:6.00 tex:92 mv:158 misc:662 imb:0 pmb:103 smb:8897 d:- ref:0 ;
in:712 out:709 type:P dur:2 cpbdur:2 q:21.12 aq:12.74 tex:41974 mv:299 misc:2207 imb:7 pmb:407 smb:8586 d:- ref:0 ;
in:710 out:710 type:B dur:2 cpbdur:2 q:21.21 aq:15.60 tex:140 mv:91 misc:561 imb:1 pmb:22 smb:8977 d:- ref:0 ;
in:709 out:711 type:b dur:2 cpbdur:2 q:21.26 aq:19.82 tex:546 mv:37 misc:473 imb:0 pmb:7 smb:8993 d:- ref:0 ;
in:711 out:712 type:b dur:2 cpbdur:2 q:21.17 aq:6.00 tex:17 mv:55 misc:456 imb:1 pmb:5 smb:8994 d:- ref:0 ;
in:716 out:713 type:P dur:2 cpbdur:2 q:21.15 aq:13.16 tex:10287 mv:246 misc:1443 imb:8 pmb:176 smb:8816 d:- ref:0 ;
in:714 out:714 type:B dur:2 cpbdur:2 q:21.13 aq:17.34 tex:3153 mv:44 misc:515 imb:0 pmb:13 smb:8987 d:- ref:0 ;
in:713 out:715 type:b dur:2 cpbdur:2 q:21.13 aq:21.95 tex:48 mv:35 misc:469 imb:0 pmb:6 smb:8994 d:- ref:0 ;
in:715 out:716 type:b dur:2 cpbdur:2 q:21.14 aq:21.95 tex:50 mv:66 misc:468 imb:0 pmb:8 smb:8992 d:- ref:0 ;
in:720 out:717 type:P dur:2 cpbdur:2 q:21.43 aq:13.41 tex:10479 mv:126 misc:1291 imb:0 pmb:161 smb:8839 d:- ref:0 ;
in:718 out:718 type:B dur:2 cpbdur:2 q:21.29 aq:17.33 tex:507 mv:63 misc:510 imb:1 pmb:10 smb:8989 d:- ref:0 ;
in:717 out:719 type:b dur:2 cpbdur:2 q:21.22 aq:6.00 tex:16 mv:35 misc:461 imb:0 pmb:6 smb:8994 d:- ref:0 ;
in:719 out:720 type:b dur:2 cpbdur:2 q:21.36 aq:6.00 tex:19 mv:85 misc:464 imb:1 pmb:7 smb:8992 d:- ref:0 ;
in:724 out:721 type:P dur:2 cpbdur:2 q:21.26 aq:12.24 tex:4292 mv:179 misc:1209 imb:3 pmb:136 smb:8861 d:- ref:0 ;
in:722 out:722 type:B dur:2 cpbdur:2 q:21.34 aq:7.88 tex:244 mv:70 misc:486 imb:0 pmb:8 smb:8992 d:- ref:0 ;
in:721 out:723 type:b dur:2 cpbdur:2 q:21.39 aq:20.52 tex:391 mv:28 misc:469 imb:0 pmb:6 smb:8994 d:- ref:0 ;
in:723 out:724 type:b dur:2 cpbdur:2 q:21.30 aq:6.00 tex:0 mv:0 misc:432 imb:0 pmb:0 smb:9000 d:- ref:0 ;
in:728 out:725 type:P dur:2 cpbdur:2 q:21.11 aq:13.11 tex:8626 mv:166 misc:1272 imb:3 pmb:146 smb:8851 d:- ref:0 ;
in:726 out:726 type:B dur:2 cpbdur:2 q:21.19 aq:16.81 tex:176 mv:17 misc:519 imb:0 pmb:8 smb:8992 d:- ref:0 ;
in:725 out:727 type:b dur:2 cpbdur:2 q:21.22 aq:8.82 tex:70 mv:3 misc:455 imb:0 pmb:2 smb:8998 d:- ref:0 ;
in:727 out:728 type:b dur:2 cpbdur:2 q:21.15 aq:8.79 tex:95 mv:3 misc:446 imb:0 pmb:2 smb:8998 d:- ref:0 ;
in:732 out:729 type:P dur:2 cpbdur:2 q:20.94 aq:12.12 tex:11531 mv:369 misc:1580 imb:16 pmb:199 smb:8785 d:- ref:0 ;
in:730 out:730 type:B dur:2 cpbdur:2 q:21.02 aq:16.66 tex:603 mv:92 misc:537 imb:3 pmb:14 smb:8983 d:- ref:0 ;
in:729 out:731 type:b dur:2 cpbdur:2 q:21.07 aq:6.00 tex:7 mv:15 misc:450 imb:0 pmb:2 smb:8998 d:- ref:0 ;
in:731 out:732 type:b dur:2 cpbdur:2 q:20.98 aq:8.78 tex:199 mv:58 misc:455 imb:3 pmb:5 smb:8992 d:- ref:0 ;
in:736 out:733 type:P dur:2 cpbdur:2 q:20.75 aq:13.08 tex:22570 mv:166 misc:1936 imb:2 pmb:317 smb:8681 d:- ref:0 ;
in:734 out:734 type:B dur:2 cpbdur:2 q:20.84 aq:19.03 tex:161 mv:50 misc:525 imb:0 pmb:12 smb:8988 d:- ref:0 ;
in:733 out:735 type:b dur:2 cpbdur:2 q:20.89 aq:6.00 tex:7 mv:13 misc:452 imb:0 pmb:2 smb:8998 d:- ref:0 ;
in:735 out:736 type:b dur:2 cpbdur:2 q:20.79 aq:6.00 tex:0 mv:0 misc:432 imb:0 pmb:0 smb:9000 d:- ref:0 ;
in:737 out:737 type:P dur:2 cpbdur:2 q:20.55 aq:19.19 tex:571 mv:42 misc:499 imb:2 pmb:4 smb:8994 d:- ref:0 ;
in:738 out:738 type:I dur:2 cpbdur:2 q:18.35 aq:4.85 tex:3255834 mv:130533 misc:497 imb:9000 pmb:0 smb:0 d:- ref:;
in:742 out:739 type:P dur:2 cpbdur:2 q:20.46 aq:10.82 tex:1808 mv:121 misc:719 imb:3 pmb:34 smb:8963 d:- ref:0 ;
in:740 out:740 type:B dur:2 cpbdur:2 q:20.46 aq:6.82 tex:398 mv:78 misc:460 imb:2 pmb:3 smb:8995 d:- ref:0 ;
in:739 out:741 type:b dur:2 cpbdur:2 q:20.46 aq:5.00 tex:8 mv:15 misc:457 imb:0 pmb:2 smb:8998 d:- ref:0 ;
in:741 out:742 type:b dur:2 cpbdur:2 q:20.46 aq:5.00 tex:0 mv:0 misc:432 imb:0 pmb:0 smb:9000 d:- ref:0 ;
in:746 out:743 type:P dur:2 cpbdur:2 q:20.26 aq:12.12 tex:1210 mv:108 misc:650 imb:0 pmb:25 smb:8975 d:- ref:0 ;
in:744 out:744 type:B dur:2 cpbdur:2 q:20.36 aq:7.22 tex:97 mv:57 misc:478 imb:0 pmb:6 smb:8994 d:- ref:0 ;
in:743 out:745 type:b dur:2 cpbdur:2 q:20.41 aq:5.00 tex:19 mv:49 misc:460 imb:0 pmb:6 smb:8994 d:- ref:0 ;
in:745 out:746 type:b dur:2 cpbdur:2 q:20.31 aq:5.00 tex:13 mv:58 misc:449 imb:0 pmb:4 smb:8996 d:- ref:0 ;
in:750 out:747 type:P dur:2 cpbdur:2 q:20.07 aq:11.33 tex:5662 mv:138 misc:656 imb:1 pmb:29 smb:8970 d:- ref:0 ;
in:748 out:748 type:B dur:2 cpbdur:2 q:20.16 aq:16.93 tex:714 mv:97 misc:517 imb:0 pmb:14 smb:8986 d:- ref:0 ;
in:747 out:749 type:b dur:2 cpbdur:2 q:20.21 aq:5.00 tex:23 mv:49 misc:488 imb:0 pmb:10 smb:8990 d:- ref:0 ;
in:749 out:750 type:b dur:2 cpbdur:2 q:20.11 aq:5.00 tex:23 mv:51 misc:486 imb:0 pmb:10 smb:8990 d:- ref:0 ;
in:754 out:751 type:P dur:2 cpbdur:2 q:19.88 aq:11.06 tex:5280 mv:135 misc:609 imb:3 pmb:18 smb:8979 d:- ref:0 ;
in:752 out:752 type:B dur:2 cpbdur:2 q:19.97 aq:15.42 tex:582 mv:46 misc:508 imb:0 pmb:10 smb:8990 d:- ref:0 ;
in:751 out:753 type:b dur:2 cpbdur:2 q:20.02 aq:5.00 tex:23 mv:51 misc:486 imb:0 pmb:10 smb:8990 d:- ref:0 ;
in:753 out:754 type:b dur:2 cpbdur:2 q:19.92 aq:5.00 tex:9 mv:14 misc:449 imb:0 pmb:2 smb:8998 d:- ref:0 ;
in:758 out:755 type:P dur:2 cpbdur:2 q:19.67 aq:9.62 tex:968 mv:97 misc:567 imb:4 pmb:10 smb:8986 d:- ref:0 ;
in:756 out:756 type:B dur:2 cpbdur:2 q:19.77 aq:6.44 tex:82 mv:2 misc:460 imb:0 pmb:1 smb:8999 d:- ref:0 ;
in:755 out:757 type:b dur:2 cpbdur:2 q:19.82 aq:5.00 tex:0 mv:0 misc:432 imb:0 pmb:0 smb:9000 d:- ref:0 ;
in:757 out:758 type:b dur:2 cpbdur:2 q:19.72 aq:7.63 tex:46 mv:2 misc:448 imb:0 pmb:1 smb:8999 d:- ref:0 ;
in:762 out:759 type:P dur:2 cpbdur:2 q:21.14 aq:13.73 tex:2255 mv:230 misc:579 imb:17 pmb:18 smb:8965 d:- ref:0 ;
in:760 out:760 type:B dur:2 cpbdur:2 q:20.40 aq:4.00 tex:25 mv:84 misc:483 imb:2 pmb:6 smb:8992 d:- ref:0 ;
in:759 out:761 type:b dur:2 cpbdur:2 q:20.04 aq:8.22 tex:157 mv:66 misc:465 imb:2 pmb:6 smb:8992 d:- ref:0 ;
in:761 out:762 type:b dur:2 cpbdur:2 q:20.77 aq:6.00 tex:12 mv:23 misc:453 imb:0 pmb:4 smb:8996 d:- ref:0 ;
in:766 out:763 type:P dur:2 cpbdur:2 q:20.95 aq:12.96 tex:2136 mv:263 misc:633 imb:34 pmb:23 smb:8943 d:- ref:0 ;
in:764 out:764 type:B dur:2 cpbdur:2 q:21.05 aq:15.24 tex:215 mv:20 misc:485 imb:0 pmb:5 smb:8995 d:- ref:0 ;
in:763 out:765 type:b dur:2 cpbdur:2 q:21.09 aq:15.82 tex:351 mv:124 misc:477 imb:13 pmb:6 smb:8981 d:- ref:0 ;
in:765 out:766 type:b dur:2 cpbdur:2 q:21.00 aq:6.21 tex:304 mv:122 misc:462 imb:14 pmb:4 smb:8982 d:- ref:0 ;
in:770 out:767 type:P dur:2 cpbdur:2 q:20.76 aq:13.27 tex:8633 mv:464 misc:647 imb:54 pmb:37 smb:8909 d:- ref:0 ;
in:768 out:768 type:B dur:2 cpbdur:2 q:20.86 aq:11.03 tex:3314 mv:361 misc:589 imb:30 pmb:24 smb:8946 d:- ref:0 ;
in:767 out:769 type:b dur:2 cpbdur:2 q:20.90 aq:13.84 tex:450 mv:186 misc:524 imb:14 pmb:19 smb:8967 d:- ref:0 ;
in:769 out:770 type:b dur:2 cpbdur:2 q:20.81 aq:16.92 tex:300 mv:132 misc:560 imb:1 pmb:43 smb:8956 d:- ref:0 ;
in:774 out:771 type:P dur:2 cpbdur:2 q:20.58 aq:12.48 tex:11166 mv:610 misc:632 imb:65 pmb:41 smb:8894 d:- ref:0 ;
in:772 out:772 type:B dur:2 cpbdur:2 q:20.67 aq:8.42 tex:1424 mv:366 misc:578 imb:22 pmb:56 smb:8922 d:- ref:0 ;
in:771 out:773 type:b dur:2 cpbdur:2 q:20.72 aq:12.79 tex:447 mv:133 misc:540 imb:1 pmb:25 smb:8974 d:- ref:0 ;
in:773 out:774 type:b dur:2 cpbdur:2 q:20.62 aq:6.62 tex:481 mv:143 misc:512 imb:3 pmb:32 smb:8965 d:- ref:0 ;
in:778 out:775 type:P dur:2 cpbdur:2 q:20.38 aq:22.21 tex:34384 mv:1646 misc:650 imb:317 pmb:87 smb:8596 d:- ref:0 ;
in:776 out:776 type:B dur:2 cpbdur:2 q:20.48 aq:17.74 tex:477 mv:59 misc:496 imb:1 pmb:9 smb:8990 d:- ref:0 ;
in:775 out:777 type:b dur:2 cpbdur:2 q:20.53 aq:6.00 tex:16 mv:35 misc:461 imb:0 pmb:6 smb:8994 d:- ref:0 ;
in:777 out:778 type:b dur:2 cpbdur:2 q:20.43 aq:19.39 tex:545 mv:87 misc:488 imb:0 pmb:18 smb:8982 d:- ref:0 ;
in:779 out:779 type:I dur:2 cpbdur:2 q:17.70 aq:5.31 tex:1628267 mv:81457 misc:292 imb:9000 pmb:0 smb:0 d:- ref:;
in:783 out:780 type:P dur:2 cpbdur:2 q:20.14 aq:17.04 tex:21692 mv:687 misc:829 imb:65 pmb:51 smb:8884 d:- ref:0 ;
in:781 out:781 type:B dur:2 cpbdur:2 q:20.14 aq:18.99 tex:80745 mv:2663 misc:808 imb:174 pmb:144 smb:8682 d:- ref:0 ;
in:780 out:782 type:b dur:2 cpbdur:2 q:20.14 aq:19.58 tex:943 mv:292 misc:813 imb:12 pmb:115 smb:8873 d:- ref:0 ;
in:782 out:783 type:b dur:2 cpbdur:2 q:20.14 aq:19.56 tex:1006 mv:411 misc:695 imb:20 pmb:79 smb:8901 d:- ref:0 ;
in:787 out:784 type:P dur:2 cpbdur:2 q:19.95 aq:10.55 tex:25146 mv:620 misc:650 imb:45 pmb:28 smb:8927 d:- ref:0 ;
in:785 out:785 type:B dur:2 cpbdur:2 q:20.04 aq:12.20 tex:367 mv:213 misc:572 imb:13 pmb:30 smb:8957 d:- ref:0 ;
in:784 out:786 type:b dur:2 cpbdur:2 q:20.09 aq:13.39 tex:79 mv:149 misc:492 imb:13 pmb:9 smb:8978 d:- ref:0 ;
in:786 out:787 type:b dur:2 cpbdur:2 q:20.00 aq:19.18 tex:1047 mv:230 misc:523 imb:14 pmb:24 smb:8962 d:- ref:0 ;
in:790 out:788 type:P dur:2 cpbdur:2 q:19.76 aq:10.10 tex:32952 mv:1287 misc:1441 imb:771 pmb:51 smb:8178 d:- ref:0 ;
in:789 out:789 type:B dur:2 cpbdur:2 q:19.82 aq:19.28 tex:663 mv:303 misc:1450 imb:11 pmb:435 smb:8554 d:- ref:0 ;
in:788 out:790 type:b dur:2 cpbdur:2 q:19.88 aq:12.91 tex:235 mv:305 misc:1404 imb:11 pmb:428 smb:8561 d:- ref:0 ;
in:794 out:791 type:P dur:2 cpbdur:2 q:19.61 aq:12.49 tex:39885 mv:2665 misc:826 imb:738 pmb:94 smb:8168 d:- ref:0 ;
in:792 out:792 type:B dur:2 cpbdur:2 q:19.69 aq:18.00 tex:1278 mv:310 misc:844 imb:7 pmb:219 smb:8774 d:- ref:0 ;
in:791 out:793 type:b dur:2 cpbdur:2 q:19.72 aq:18.77 tex:284 mv:273 misc:747 imb:3 pmb:183 smb:8814 d:- ref:0 ;
in:793 out:794 type:b dur:2 cpbdur:2 q:19.65 aq:18.41 tex:770 mv:155 misc:531 imb:4 pmb:46 smb:8950 d:- ref:0 ;
in:798 out:795 type:P dur:2 cpbdur:2 q:19.43 aq:17.64 tex:136265 mv:2482 misc:653 imb:455 pmb:56 smb:8489 d:- ref:0 ;
in:796 out:796 type:B dur:2 cpbdur:2 q:19.52 aq:17.68 tex:63704 mv:2728 misc:712 imb:293 pmb:193 smb:8514 d:- ref:0 ;
in:795 out:797 type:b dur:2 cpbdur:2 q:19.57 aq:19.09 tex:1420 mv:485 misc:703 imb:39 pmb:74 smb:8887 d:- ref:0 ;
in:797 out:798 type:b dur:2 cpbdur:2 q:19.48 aq:20.91 tex:1526 mv:270 misc:668 imb:7 pmb:84 smb:8909 d:- ref:0 ;
in:799 out:799 type:P dur:2 cpbdur:2 q:20.13 aq:22.24 tex:2695 mv:323 misc:654 imb:42 pmb:30 smb:8928 d:- ref:0 ;
